{"/var/www/app/appturismo/src/components/ButtonInterface/index.tsx": {"path":"/var/www/app/appturismo/src/components/ButtonInterface/index.tsx","statementMap":{"0":{"start":{"line":8,"column":2},"end":{"line":18,"column":3}}},"fnMap":{"0":{"name":"ButtonInterface","decl":{"start":{"line":7,"column":16},"end":{"line":7,"column":31}},"loc":{"start":{"line":7,"column":71},"end":{"line":19,"column":1}},"line":7}},"branchMap":{"0":{"loc":{"start":{"line":10,"column":6},"end":{"line":12,"column":28}},"type":"cond-expr","locations":[{"start":{"line":10,"column":26},"end":{"line":10,"column":46}},{"start":{"line":11,"column":8},"end":{"line":12,"column":28}}],"line":10},"1":{"loc":{"start":{"line":11,"column":8},"end":{"line":12,"column":28}},"type":"cond-expr","locations":[{"start":{"line":11,"column":30},"end":{"line":11,"column":52}},{"start":{"line":12,"column":10},"end":{"line":12,"column":28}}],"line":11}},"s":{"0":22},"f":{"0":22},"b":{"0":[11,11],"1":[11,0]},"_coverageSchema":"1a1c01bbd47fc00a2c39e90264f33305004495a9","hash":"b6db5147519d08639bf4d5b7ea32952859f04c40"}
,"/var/www/app/appturismo/src/components/ButtonInterface/styles.ts": {"path":"/var/www/app/appturismo/src/components/ButtonInterface/styles.ts","statementMap":{"0":{"start":{"line":4,"column":22},"end":{"line":27,"column":2}}},"fnMap":{},"branchMap":{},"s":{"0":1},"f":{},"b":{},"_coverageSchema":"1a1c01bbd47fc00a2c39e90264f33305004495a9","hash":"a775a0dae1d53a82e2a1226631fa389b0c41ca65"}
,"/var/www/app/appturismo/src/context/auth.tsx": {"path":"/var/www/app/appturismo/src/context/auth.tsx","statementMap":{"0":{"start":{"line":16,"column":27},"end":{"line":16,"column":82}},"1":{"start":{"line":18,"column":28},"end":{"line":40,"column":1}},"2":{"start":{"line":19,"column":28},"end":{"line":19,"column":43}},"3":{"start":{"line":20,"column":26},"end":{"line":20,"column":53}},"4":{"start":{"line":21,"column":23},"end":{"line":21,"column":41}},"5":{"start":{"line":23,"column":22},"end":{"line":33,"column":3}},"6":{"start":{"line":24,"column":4},"end":{"line":32,"column":5}},"7":{"start":{"line":25,"column":27},"end":{"line":25,"column":69}},"8":{"start":{"line":26,"column":6},"end":{"line":26,"column":28}},"9":{"start":{"line":27,"column":6},"end":{"line":27,"column":21}},"10":{"start":{"line":29,"column":6},"end":{"line":29,"column":44}},"11":{"start":{"line":31,"column":6},"end":{"line":31,"column":18}},"12":{"start":{"line":35,"column":2},"end":{"line":39,"column":4}},"13":{"start":{"line":43,"column":18},"end":{"line":43,"column":41}},"14":{"start":{"line":44,"column":2},"end":{"line":46,"column":3}},"15":{"start":{"line":45,"column":4},"end":{"line":45,"column":65}},"16":{"start":{"line":47,"column":2},"end":{"line":47,"column":17}}},"fnMap":{"0":{"name":"(anonymous_0)","decl":{"start":{"line":18,"column":28},"end":{"line":18,"column":29}},"loc":{"start":{"line":18,"column":57},"end":{"line":40,"column":1}},"line":18},"1":{"name":"(anonymous_1)","decl":{"start":{"line":23,"column":22},"end":{"line":23,"column":23}},"loc":{"start":{"line":23,"column":73},"end":{"line":33,"column":3}},"line":23},"2":{"name":"useAuth","decl":{"start":{"line":42,"column":16},"end":{"line":42,"column":23}},"loc":{"start":{"line":42,"column":44},"end":{"line":48,"column":1}},"line":42}},"branchMap":{"0":{"loc":{"start":{"line":44,"column":2},"end":{"line":46,"column":3}},"type":"if","locations":[{"start":{"line":44,"column":2},"end":{"line":46,"column":3}},{"start":{},"end":{}}],"line":44}},"s":{"0":2,"1":2,"2":2,"3":2,"4":2,"5":2,"6":1,"7":1,"8":1,"9":1,"10":0,"11":0,"12":2,"13":5,"14":5,"15":0,"16":5},"f":{"0":2,"1":1,"2":5},"b":{"0":[0,5]},"_coverageSchema":"1a1c01bbd47fc00a2c39e90264f33305004495a9","hash":"0021aa41f56a89a19680a729a7a5fa79433bbfe7"}
,"/var/www/app/appturismo/src/core/domain/entities/Travel.ts": {"path":"/var/www/app/appturismo/src/core/domain/entities/Travel.ts","statementMap":{"0":{"start":{"line":25,"column":4},"end":{"line":25,"column":74}}},"fnMap":{"0":{"name":"(anonymous_0)","decl":{"start":{"line":6,"column":2},"end":{"line":6,"column":3}},"loc":{"start":{"line":14,"column":4},"end":{"line":14,"column":6}},"line":14},"1":{"name":"(anonymous_1)","decl":{"start":{"line":16,"column":2},"end":{"line":16,"column":3}},"loc":{"start":{"line":24,"column":12},"end":{"line":26,"column":3}},"line":24}},"branchMap":{},"s":{"0":11},"f":{"0":11,"1":11},"b":{},"_coverageSchema":"1a1c01bbd47fc00a2c39e90264f33305004495a9","hash":"2aa4a0513c8194e1a07702856ae5b83d29adc460"}
,"/var/www/app/appturismo/src/core/domain/entities/User.ts": {"path":"/var/www/app/appturismo/src/core/domain/entities/User.ts","statementMap":{"0":{"start":{"line":22,"column":4},"end":{"line":22,"column":57}}},"fnMap":{"0":{"name":"(anonymous_0)","decl":{"start":{"line":7,"column":2},"end":{"line":7,"column":3}},"loc":{"start":{"line":13,"column":4},"end":{"line":13,"column":6}},"line":13},"1":{"name":"(anonymous_1)","decl":{"start":{"line":15,"column":2},"end":{"line":15,"column":3}},"loc":{"start":{"line":21,"column":10},"end":{"line":23,"column":3}},"line":21}},"branchMap":{},"s":{"0":17},"f":{"0":17,"1":17},"b":{},"_coverageSchema":"1a1c01bbd47fc00a2c39e90264f33305004495a9","hash":"61bfb10a4823e2ee79dc7bd0fc84b37386267bf1"}
,"/var/www/app/appturismo/src/core/domain/use-cases/DeleteTravel.ts": {"path":"/var/www/app/appturismo/src/core/domain/use-cases/DeleteTravel.ts","statementMap":{"0":{"start":{"line":7,"column":19},"end":{"line":7,"column":25}},"1":{"start":{"line":9,"column":19},"end":{"line":9,"column":59}},"2":{"start":{"line":11,"column":4},"end":{"line":13,"column":5}},"3":{"start":{"line":12,"column":6},"end":{"line":12,"column":47}},"4":{"start":{"line":15,"column":4},"end":{"line":15,"column":43}}},"fnMap":{"0":{"name":"(anonymous_0)","decl":{"start":{"line":4,"column":2},"end":{"line":4,"column":3}},"loc":{"start":{"line":4,"column":68},"end":{"line":4,"column":70}},"line":4},"1":{"name":"(anonymous_1)","decl":{"start":{"line":6,"column":2},"end":{"line":6,"column":3}},"loc":{"start":{"line":6,"column":55},"end":{"line":16,"column":3}},"line":6}},"branchMap":{"0":{"loc":{"start":{"line":11,"column":4},"end":{"line":13,"column":5}},"type":"if","locations":[{"start":{"line":11,"column":4},"end":{"line":13,"column":5}},{"start":{},"end":{}}],"line":11}},"s":{"0":2,"1":2,"2":2,"3":1,"4":1},"f":{"0":7,"1":2},"b":{"0":[1,1]},"_coverageSchema":"1a1c01bbd47fc00a2c39e90264f33305004495a9","hash":"ab9ad314f08a51bc907bb7490acc9d8f93891031"}
,"/var/www/app/appturismo/src/core/domain/use-cases/FindAllTravel.ts": {"path":"/var/www/app/appturismo/src/core/domain/use-cases/FindAllTravel.ts","statementMap":{"0":{"start":{"line":8,"column":4},"end":{"line":8,"column":43}}},"fnMap":{"0":{"name":"(anonymous_0)","decl":{"start":{"line":5,"column":2},"end":{"line":5,"column":3}},"loc":{"start":{"line":5,"column":68},"end":{"line":5,"column":70}},"line":5},"1":{"name":"(anonymous_1)","decl":{"start":{"line":7,"column":2},"end":{"line":7,"column":3}},"loc":{"start":{"line":7,"column":44},"end":{"line":9,"column":3}},"line":7}},"branchMap":{},"s":{"0":2},"f":{"0":7,"1":2},"b":{},"_coverageSchema":"1a1c01bbd47fc00a2c39e90264f33305004495a9","hash":"ab51110dad6355298c2f07e184970b8f21a314c7"}
,"/var/www/app/appturismo/src/core/domain/use-cases/FindTravel.ts": {"path":"/var/www/app/appturismo/src/core/domain/use-cases/FindTravel.ts","statementMap":{"0":{"start":{"line":8,"column":4},"end":{"line":8,"column":53}}},"fnMap":{"0":{"name":"(anonymous_0)","decl":{"start":{"line":5,"column":2},"end":{"line":5,"column":3}},"loc":{"start":{"line":5,"column":68},"end":{"line":5,"column":70}},"line":5},"1":{"name":"(anonymous_1)","decl":{"start":{"line":7,"column":2},"end":{"line":7,"column":3}},"loc":{"start":{"line":7,"column":64},"end":{"line":9,"column":3}},"line":7}},"branchMap":{},"s":{"0":2},"f":{"0":7,"1":2},"b":{},"_coverageSchema":"1a1c01bbd47fc00a2c39e90264f33305004495a9","hash":"c90ef75188accdf14429e0b71e847792f3ba6a25"}
,"/var/www/app/appturismo/src/core/domain/use-cases/FindUser.ts": {"path":"/var/www/app/appturismo/src/core/domain/use-cases/FindUser.ts","statementMap":{"0":{"start":{"line":8,"column":4},"end":{"line":8,"column":51}}},"fnMap":{"0":{"name":"(anonymous_0)","decl":{"start":{"line":5,"column":2},"end":{"line":5,"column":3}},"loc":{"start":{"line":5,"column":64},"end":{"line":5,"column":66}},"line":5},"1":{"name":"(anonymous_1)","decl":{"start":{"line":7,"column":2},"end":{"line":7,"column":3}},"loc":{"start":{"line":7,"column":62},"end":{"line":9,"column":3}},"line":7}},"branchMap":{},"s":{"0":2},"f":{"0":11,"1":2},"b":{},"_coverageSchema":"1a1c01bbd47fc00a2c39e90264f33305004495a9","hash":"84f50b6cc9eb836a51cd99944b1f56093c958bbc"}
,"/var/www/app/appturismo/src/core/domain/use-cases/LoginUser.ts": {"path":"/var/www/app/appturismo/src/core/domain/use-cases/LoginUser.ts","statementMap":{"0":{"start":{"line":12,"column":32},"end":{"line":12,"column":38}},"1":{"start":{"line":14,"column":17},"end":{"line":14,"column":61}},"2":{"start":{"line":16,"column":4},"end":{"line":18,"column":5}},"3":{"start":{"line":17,"column":6},"end":{"line":17,"column":47}},"4":{"start":{"line":20,"column":28},"end":{"line":23,"column":5}},"5":{"start":{"line":25,"column":4},"end":{"line":27,"column":5}},"6":{"start":{"line":26,"column":6},"end":{"line":26,"column":47}},"7":{"start":{"line":29,"column":4},"end":{"line":29,"column":16}},"8":{"start":{"line":36,"column":4},"end":{"line":36,"column":51}}},"fnMap":{"0":{"name":"(anonymous_0)","decl":{"start":{"line":6,"column":2},"end":{"line":6,"column":3}},"loc":{"start":{"line":6,"column":64},"end":{"line":6,"column":66}},"line":6},"1":{"name":"(anonymous_1)","decl":{"start":{"line":8,"column":2},"end":{"line":8,"column":3}},"loc":{"start":{"line":11,"column":20},"end":{"line":30,"column":3}},"line":11},"2":{"name":"(anonymous_2)","decl":{"start":{"line":32,"column":2},"end":{"line":32,"column":3}},"loc":{"start":{"line":35,"column":22},"end":{"line":37,"column":3}},"line":35}},"branchMap":{"0":{"loc":{"start":{"line":16,"column":4},"end":{"line":18,"column":5}},"type":"if","locations":[{"start":{"line":16,"column":4},"end":{"line":18,"column":5}},{"start":{},"end":{}}],"line":16},"1":{"loc":{"start":{"line":25,"column":4},"end":{"line":27,"column":5}},"type":"if","locations":[{"start":{"line":25,"column":4},"end":{"line":27,"column":5}},{"start":{},"end":{}}],"line":25}},"s":{"0":4,"1":4,"2":4,"3":1,"4":3,"5":3,"6":1,"7":2,"8":3},"f":{"0":12,"1":4,"2":3},"b":{"0":[1,3],"1":[1,2]},"_coverageSchema":"1a1c01bbd47fc00a2c39e90264f33305004495a9","hash":"ad8b0efcb66349cbd1d6c8a384d8a3bb1507f72a"}
,"/var/www/app/appturismo/src/core/domain/use-cases/LogoutUser.ts": {"path":"/var/www/app/appturismo/src/core/domain/use-cases/LogoutUser.ts","statementMap":{"0":{"start":{"line":7,"column":4},"end":{"line":7,"column":53}}},"fnMap":{"0":{"name":"(anonymous_0)","decl":{"start":{"line":2,"column":2},"end":{"line":2,"column":3}},"loc":{"start":{"line":2,"column":16},"end":{"line":2,"column":18}},"line":2},"1":{"name":"(anonymous_1)","decl":{"start":{"line":4,"column":2},"end":{"line":4,"column":3}},"loc":{"start":{"line":4,"column":59},"end":{"line":8,"column":3}},"line":4}},"branchMap":{},"s":{"0":1},"f":{"0":10,"1":1},"b":{},"_coverageSchema":"1a1c01bbd47fc00a2c39e90264f33305004495a9","hash":"4d19ec89c272aa302f5cd08b0d2741150588a310"}
,"/var/www/app/appturismo/src/core/domain/use-cases/RegisterTravel.ts": {"path":"/var/www/app/appturismo/src/core/domain/use-cases/RegisterTravel.ts","statementMap":{"0":{"start":{"line":19,"column":78},"end":{"line":19,"column":84}},"1":{"start":{"line":21,"column":21},"end":{"line":21,"column":63}},"2":{"start":{"line":22,"column":18},"end":{"line":22,"column":63}},"3":{"start":{"line":24,"column":19},"end":{"line":32,"column":5}},"4":{"start":{"line":34,"column":4},"end":{"line":34,"column":45}},"5":{"start":{"line":36,"column":4},"end":{"line":36,"column":18}}},"fnMap":{"0":{"name":"(anonymous_0)","decl":{"start":{"line":8,"column":2},"end":{"line":8,"column":3}},"loc":{"start":{"line":8,"column":68},"end":{"line":8,"column":70}},"line":8},"1":{"name":"(anonymous_1)","decl":{"start":{"line":10,"column":2},"end":{"line":10,"column":3}},"loc":{"start":{"line":18,"column":22},"end":{"line":37,"column":3}},"line":18}},"branchMap":{"0":{"loc":{"start":{"line":22,"column":18},"end":{"line":22,"column":63}},"type":"cond-expr","locations":[{"start":{"line":22,"column":29},"end":{"line":22,"column":51}},{"start":{"line":22,"column":54},"end":{"line":22,"column":63}}],"line":22}},"s":{"0":5,"1":5,"2":5,"3":5,"4":5,"5":5},"f":{"0":9,"1":5},"b":{"0":[5,0]},"_coverageSchema":"1a1c01bbd47fc00a2c39e90264f33305004495a9","hash":"4b9ffde9a0d86b12c1f64ff9981697a2096dab1f"}
,"/var/www/app/appturismo/src/core/domain/use-cases/RegisterUser.ts": {"path":"/var/www/app/appturismo/src/core/domain/use-cases/RegisterUser.ts","statementMap":{"0":{"start":{"line":18,"column":59},"end":{"line":18,"column":65}},"1":{"start":{"line":20,"column":23},"end":{"line":20,"column":67}},"2":{"start":{"line":22,"column":4},"end":{"line":24,"column":5}},"3":{"start":{"line":23,"column":6},"end":{"line":23,"column":45}},"4":{"start":{"line":26,"column":27},"end":{"line":26,"column":60}},"5":{"start":{"line":28,"column":17},"end":{"line":34,"column":5}},"6":{"start":{"line":36,"column":4},"end":{"line":36,"column":41}},"7":{"start":{"line":38,"column":4},"end":{"line":38,"column":16}},"8":{"start":{"line":42,"column":4},"end":{"line":42,"column":32}}},"fnMap":{"0":{"name":"(anonymous_0)","decl":{"start":{"line":9,"column":2},"end":{"line":9,"column":3}},"loc":{"start":{"line":9,"column":64},"end":{"line":9,"column":66}},"line":9},"1":{"name":"(anonymous_1)","decl":{"start":{"line":11,"column":2},"end":{"line":11,"column":3}},"loc":{"start":{"line":17,"column":20},"end":{"line":39,"column":3}},"line":17},"2":{"name":"(anonymous_2)","decl":{"start":{"line":41,"column":2},"end":{"line":41,"column":3}},"loc":{"start":{"line":41,"column":64},"end":{"line":43,"column":3}},"line":41}},"branchMap":{"0":{"loc":{"start":{"line":22,"column":4},"end":{"line":24,"column":5}},"type":"if","locations":[{"start":{"line":22,"column":4},"end":{"line":24,"column":5}},{"start":{},"end":{}}],"line":22}},"s":{"0":7,"1":7,"2":7,"3":1,"4":6,"5":6,"6":6,"7":6,"8":6},"f":{"0":14,"1":7,"2":6},"b":{"0":[1,6]},"_coverageSchema":"1a1c01bbd47fc00a2c39e90264f33305004495a9","hash":"71e1377891ae119404c05d8ac2bbd7c5f20b92c9"}
,"/var/www/app/appturismo/src/core/domain/use-cases/UpdateTravel.ts": {"path":"/var/www/app/appturismo/src/core/domain/use-cases/UpdateTravel.ts","statementMap":{"0":{"start":{"line":19,"column":71},"end":{"line":19,"column":77}},"1":{"start":{"line":21,"column":19},"end":{"line":21,"column":59}},"2":{"start":{"line":23,"column":4},"end":{"line":25,"column":5}},"3":{"start":{"line":24,"column":6},"end":{"line":24,"column":47}},"4":{"start":{"line":27,"column":21},"end":{"line":27,"column":42}},"5":{"start":{"line":28,"column":27},"end":{"line":28,"column":60}},"6":{"start":{"line":29,"column":20},"end":{"line":29,"column":39}},"7":{"start":{"line":30,"column":24},"end":{"line":32,"column":23}},"8":{"start":{"line":33,"column":20},"end":{"line":33,"column":39}},"9":{"start":{"line":34,"column":21},"end":{"line":34,"column":69}},"10":{"start":{"line":36,"column":26},"end":{"line":44,"column":5}},"11":{"start":{"line":46,"column":4},"end":{"line":46,"column":54}},"12":{"start":{"line":48,"column":4},"end":{"line":48,"column":25}}},"fnMap":{"0":{"name":"(anonymous_0)","decl":{"start":{"line":8,"column":2},"end":{"line":8,"column":3}},"loc":{"start":{"line":8,"column":68},"end":{"line":8,"column":70}},"line":8},"1":{"name":"(anonymous_1)","decl":{"start":{"line":10,"column":2},"end":{"line":10,"column":3}},"loc":{"start":{"line":18,"column":22},"end":{"line":49,"column":3}},"line":18}},"branchMap":{"0":{"loc":{"start":{"line":23,"column":4},"end":{"line":25,"column":5}},"type":"if","locations":[{"start":{"line":23,"column":4},"end":{"line":25,"column":5}},{"start":{},"end":{}}],"line":23},"1":{"loc":{"start":{"line":27,"column":21},"end":{"line":27,"column":42}},"type":"binary-expr","locations":[{"start":{"line":27,"column":21},"end":{"line":27,"column":26}},{"start":{"line":27,"column":30},"end":{"line":27,"column":42}}],"line":27},"2":{"loc":{"start":{"line":28,"column":27},"end":{"line":28,"column":60}},"type":"binary-expr","locations":[{"start":{"line":28,"column":27},"end":{"line":28,"column":38}},{"start":{"line":28,"column":42},"end":{"line":28,"column":60}}],"line":28},"3":{"loc":{"start":{"line":29,"column":20},"end":{"line":29,"column":39}},"type":"binary-expr","locations":[{"start":{"line":29,"column":20},"end":{"line":29,"column":24}},{"start":{"line":29,"column":28},"end":{"line":29,"column":39}}],"line":29},"4":{"loc":{"start":{"line":30,"column":24},"end":{"line":32,"column":23}},"type":"cond-expr","locations":[{"start":{"line":31,"column":8},"end":{"line":31,"column":68}},{"start":{"line":32,"column":8},"end":{"line":32,"column":23}}],"line":30},"5":{"loc":{"start":{"line":33,"column":20},"end":{"line":33,"column":39}},"type":"binary-expr","locations":[{"start":{"line":33,"column":20},"end":{"line":33,"column":24}},{"start":{"line":33,"column":28},"end":{"line":33,"column":39}}],"line":33},"6":{"loc":{"start":{"line":34,"column":21},"end":{"line":34,"column":69}},"type":"cond-expr","locations":[{"start":{"line":34,"column":32},"end":{"line":34,"column":54}},{"start":{"line":34,"column":57},"end":{"line":34,"column":69}}],"line":34}},"s":{"0":3,"1":3,"2":3,"3":1,"4":2,"5":2,"6":2,"7":2,"8":2,"9":2,"10":2,"11":2,"12":2},"f":{"0":8,"1":3},"b":{"0":[1,2],"1":[2,1],"2":[2,1],"3":[2,2],"4":[0,2],"5":[2,2],"6":[1,1]},"_coverageSchema":"1a1c01bbd47fc00a2c39e90264f33305004495a9","hash":"86eefa34fc031a884521494c25a2cabd268135c4"}
,"/var/www/app/appturismo/src/core/domain/value-objects/Email.ts": {"path":"/var/www/app/appturismo/src/core/domain/value-objects/Email.ts","statementMap":{"0":{"start":{"line":5,"column":4},"end":{"line":7,"column":5}},"1":{"start":{"line":6,"column":6},"end":{"line":6,"column":39}},"2":{"start":{"line":8,"column":4},"end":{"line":8,"column":28}},"3":{"start":{"line":12,"column":23},"end":{"line":12,"column":58}},"4":{"start":{"line":13,"column":4},"end":{"line":13,"column":34}}},"fnMap":{"0":{"name":"(anonymous_0)","decl":{"start":{"line":2,"column":2},"end":{"line":2,"column":3}},"loc":{"start":{"line":2,"column":46},"end":{"line":2,"column":48}},"line":2},"1":{"name":"(anonymous_1)","decl":{"start":{"line":4,"column":2},"end":{"line":4,"column":3}},"loc":{"start":{"line":4,"column":38},"end":{"line":9,"column":3}},"line":4},"2":{"name":"(anonymous_2)","decl":{"start":{"line":11,"column":2},"end":{"line":11,"column":3}},"loc":{"start":{"line":11,"column":50},"end":{"line":14,"column":3}},"line":11}},"branchMap":{"0":{"loc":{"start":{"line":5,"column":4},"end":{"line":7,"column":5}},"type":"if","locations":[{"start":{"line":5,"column":4},"end":{"line":7,"column":5}},{"start":{},"end":{}}],"line":5}},"s":{"0":19,"1":1,"2":18,"3":19,"4":19},"f":{"0":18,"1":19,"2":19},"b":{"0":[1,18]},"_coverageSchema":"1a1c01bbd47fc00a2c39e90264f33305004495a9","hash":"1c7b6167c33480c5f03a2fd53e8d3272d2e117f8"}
,"/var/www/app/appturismo/src/core/domain/value-objects/GeoCoordinates.ts": {"path":"/var/www/app/appturismo/src/core/domain/value-objects/GeoCoordinates.ts","statementMap":{"0":{"start":{"line":5,"column":4},"end":{"line":7,"column":5}},"1":{"start":{"line":6,"column":6},"end":{"line":6,"column":59}},"2":{"start":{"line":8,"column":4},"end":{"line":8,"column":51}},"3":{"start":{"line":12,"column":4},"end":{"line":12,"column":86}}},"fnMap":{"0":{"name":"(anonymous_0)","decl":{"start":{"line":2,"column":2},"end":{"line":2,"column":3}},"loc":{"start":{"line":2,"column":77},"end":{"line":2,"column":79}},"line":2},"1":{"name":"(anonymous_1)","decl":{"start":{"line":4,"column":2},"end":{"line":4,"column":3}},"loc":{"start":{"line":4,"column":69},"end":{"line":9,"column":3}},"line":4},"2":{"name":"(anonymous_2)","decl":{"start":{"line":11,"column":2},"end":{"line":11,"column":3}},"loc":{"start":{"line":11,"column":72},"end":{"line":13,"column":3}},"line":11}},"branchMap":{"0":{"loc":{"start":{"line":5,"column":4},"end":{"line":7,"column":5}},"type":"if","locations":[{"start":{"line":5,"column":4},"end":{"line":7,"column":5}},{"start":{},"end":{}}],"line":5},"1":{"loc":{"start":{"line":12,"column":11},"end":{"line":12,"column":85}},"type":"binary-expr","locations":[{"start":{"line":12,"column":11},"end":{"line":12,"column":26}},{"start":{"line":12,"column":30},"end":{"line":12,"column":44}},{"start":{"line":12,"column":48},"end":{"line":12,"column":65}},{"start":{"line":12,"column":69},"end":{"line":12,"column":85}}],"line":12}},"s":{"0":30,"1":3,"2":27,"3":30},"f":{"0":27,"1":30,"2":30},"b":{"0":[3,27],"1":[30,30,28,28]},"_coverageSchema":"1a1c01bbd47fc00a2c39e90264f33305004495a9","hash":"2364dd4bfb95a0dd39bb24acbb7feb3ed767841e"}
,"/var/www/app/appturismo/src/core/domain/value-objects/Name.ts": {"path":"/var/www/app/appturismo/src/core/domain/value-objects/Name.ts","statementMap":{"0":{"start":{"line":5,"column":4},"end":{"line":7,"column":5}},"1":{"start":{"line":6,"column":6},"end":{"line":6,"column":38}},"2":{"start":{"line":8,"column":4},"end":{"line":8,"column":26}},"3":{"start":{"line":12,"column":4},"end":{"line":12,"column":27}}},"fnMap":{"0":{"name":"(anonymous_0)","decl":{"start":{"line":2,"column":2},"end":{"line":2,"column":3}},"loc":{"start":{"line":2,"column":46},"end":{"line":2,"column":48}},"line":2},"1":{"name":"(anonymous_1)","decl":{"start":{"line":4,"column":2},"end":{"line":4,"column":3}},"loc":{"start":{"line":4,"column":36},"end":{"line":9,"column":3}},"line":4},"2":{"name":"(anonymous_2)","decl":{"start":{"line":11,"column":2},"end":{"line":11,"column":3}},"loc":{"start":{"line":11,"column":49},"end":{"line":13,"column":3}},"line":11}},"branchMap":{"0":{"loc":{"start":{"line":5,"column":4},"end":{"line":7,"column":5}},"type":"if","locations":[{"start":{"line":5,"column":4},"end":{"line":7,"column":5}},{"start":{},"end":{}}],"line":5}},"s":{"0":19,"1":1,"2":18,"3":19},"f":{"0":18,"1":19,"2":19},"b":{"0":[1,18]},"_coverageSchema":"1a1c01bbd47fc00a2c39e90264f33305004495a9","hash":"1c57a94c4ff4680c7d3f8f9ede404f781aa18ace"}
,"/var/www/app/appturismo/src/core/domain/value-objects/Password.ts": {"path":"/var/www/app/appturismo/src/core/domain/value-objects/Password.ts","statementMap":{"0":{"start":{"line":5,"column":4},"end":{"line":7,"column":5}},"1":{"start":{"line":6,"column":6},"end":{"line":6,"column":42}},"2":{"start":{"line":8,"column":4},"end":{"line":8,"column":34}},"3":{"start":{"line":12,"column":4},"end":{"line":12,"column":32}}},"fnMap":{"0":{"name":"(anonymous_0)","decl":{"start":{"line":2,"column":2},"end":{"line":2,"column":3}},"loc":{"start":{"line":2,"column":46},"end":{"line":2,"column":48}},"line":2},"1":{"name":"(anonymous_1)","decl":{"start":{"line":4,"column":2},"end":{"line":4,"column":3}},"loc":{"start":{"line":4,"column":44},"end":{"line":9,"column":3}},"line":4},"2":{"name":"(anonymous_2)","decl":{"start":{"line":11,"column":2},"end":{"line":11,"column":3}},"loc":{"start":{"line":11,"column":53},"end":{"line":13,"column":3}},"line":11}},"branchMap":{"0":{"loc":{"start":{"line":5,"column":4},"end":{"line":7,"column":5}},"type":"if","locations":[{"start":{"line":5,"column":4},"end":{"line":7,"column":5}},{"start":{},"end":{}}],"line":5}},"s":{"0":19,"1":1,"2":18,"3":19},"f":{"0":18,"1":19,"2":19},"b":{"0":[1,18]},"_coverageSchema":"1a1c01bbd47fc00a2c39e90264f33305004495a9","hash":"405058290a5bb097d1d52a6b722fdea61e152222"}
,"/var/www/app/appturismo/src/core/domain/value-objects/Photo.ts": {"path":"/var/www/app/appturismo/src/core/domain/value-objects/Photo.ts","statementMap":{"0":{"start":{"line":5,"column":4},"end":{"line":7,"column":5}},"1":{"start":{"line":6,"column":6},"end":{"line":6,"column":46}},"2":{"start":{"line":8,"column":4},"end":{"line":8,"column":26}},"3":{"start":{"line":12,"column":4},"end":{"line":17,"column":5}},"4":{"start":{"line":13,"column":6},"end":{"line":13,"column":19}},"5":{"start":{"line":14,"column":6},"end":{"line":14,"column":18}},"6":{"start":{"line":16,"column":6},"end":{"line":16,"column":19}}},"fnMap":{"0":{"name":"(anonymous_0)","decl":{"start":{"line":2,"column":2},"end":{"line":2,"column":3}},"loc":{"start":{"line":2,"column":44},"end":{"line":2,"column":46}},"line":2},"1":{"name":"(anonymous_1)","decl":{"start":{"line":4,"column":2},"end":{"line":4,"column":3}},"loc":{"start":{"line":4,"column":36},"end":{"line":9,"column":3}},"line":4},"2":{"name":"(anonymous_2)","decl":{"start":{"line":11,"column":2},"end":{"line":11,"column":3}},"loc":{"start":{"line":11,"column":48},"end":{"line":18,"column":3}},"line":11}},"branchMap":{"0":{"loc":{"start":{"line":5,"column":4},"end":{"line":7,"column":5}},"type":"if","locations":[{"start":{"line":5,"column":4},"end":{"line":7,"column":5}},{"start":{},"end":{}}],"line":5}},"s":{"0":13,"1":2,"2":11,"3":13,"4":13,"5":11,"6":2},"f":{"0":11,"1":13,"2":13},"b":{"0":[2,11]},"_coverageSchema":"1a1c01bbd47fc00a2c39e90264f33305004495a9","hash":"e6e0602b569e016af6dd93c27a3fb8cd82aa4247"}
,"/var/www/app/appturismo/src/core/factories/makeTraveUsecases.ts": {"path":"/var/www/app/appturismo/src/core/factories/makeTraveUsecases.ts","statementMap":{"0":{"start":{"line":11,"column":46},"end":{"line":11,"column":80}},"1":{"start":{"line":13,"column":24},"end":{"line":13,"column":60}},"2":{"start":{"line":14,"column":22},"end":{"line":14,"column":56}},"3":{"start":{"line":15,"column":23},"end":{"line":15,"column":57}},"4":{"start":{"line":16,"column":20},"end":{"line":16,"column":52}},"5":{"start":{"line":17,"column":24},"end":{"line":17,"column":59}},"6":{"start":{"line":19,"column":2},"end":{"line":25,"column":4}}},"fnMap":{"0":{"name":"makeTravelUseCases","decl":{"start":{"line":10,"column":16},"end":{"line":10,"column":34}},"loc":{"start":{"line":10,"column":37},"end":{"line":26,"column":1}},"line":10}},"branchMap":{},"s":{"0":5,"1":5,"2":5,"3":5,"4":5,"5":5,"6":5},"f":{"0":5},"b":{},"_coverageSchema":"1a1c01bbd47fc00a2c39e90264f33305004495a9","hash":"435dd881ef4ce82efcb8d0f5f1abe69d8ec2fe3d"}
,"/var/www/app/appturismo/src/core/factories/makeUserUsecases.ts": {"path":"/var/www/app/appturismo/src/core/factories/makeUserUsecases.ts","statementMap":{"0":{"start":{"line":10,"column":42},"end":{"line":10,"column":74}},"1":{"start":{"line":12,"column":23},"end":{"line":12,"column":55}},"2":{"start":{"line":13,"column":20},"end":{"line":13,"column":49}},"3":{"start":{"line":14,"column":21},"end":{"line":14,"column":37}},"4":{"start":{"line":16,"column":19},"end":{"line":16,"column":47}},"5":{"start":{"line":18,"column":2},"end":{"line":23,"column":4}}},"fnMap":{"0":{"name":"makeUserUseCases","decl":{"start":{"line":9,"column":16},"end":{"line":9,"column":32}},"loc":{"start":{"line":9,"column":35},"end":{"line":24,"column":1}},"line":9}},"branchMap":{},"s":{"0":9,"1":9,"2":9,"3":9,"4":9,"5":9},"f":{"0":9},"b":{},"_coverageSchema":"1a1c01bbd47fc00a2c39e90264f33305004495a9","hash":"f5cda16e068e798e2152cfd8d0968dde2f022db2"}
,"/var/www/app/appturismo/src/core/infra/repositories/MockTravelRepository.ts": {"path":"/var/www/app/appturismo/src/core/infra/repositories/MockTravelRepository.ts","statementMap":{"0":{"start":{"line":7,"column":30},"end":{"line":7,"column":32}},"1":{"start":{"line":12,"column":4},"end":{"line":14,"column":5}},"2":{"start":{"line":13,"column":6},"end":{"line":13,"column":65}},"3":{"start":{"line":15,"column":4},"end":{"line":15,"column":41}},"4":{"start":{"line":19,"column":4},"end":{"line":19,"column":30}},"5":{"start":{"line":23,"column":4},"end":{"line":23,"column":67}},"6":{"start":{"line":23,"column":41},"end":{"line":23,"column":57}},"7":{"start":{"line":27,"column":4},"end":{"line":27,"column":24}},"8":{"start":{"line":31,"column":4},"end":{"line":31,"column":70}},"9":{"start":{"line":31,"column":43},"end":{"line":31,"column":68}},"10":{"start":{"line":35,"column":18},"end":{"line":35,"column":67}},"11":{"start":{"line":35,"column":48},"end":{"line":35,"column":66}},"12":{"start":{"line":36,"column":4},"end":{"line":38,"column":5}},"13":{"start":{"line":37,"column":6},"end":{"line":37,"column":35}},"14":{"start":{"line":42,"column":4},"end":{"line":42,"column":69}},"15":{"start":{"line":42,"column":51},"end":{"line":42,"column":67}},"16":{"start":{"line":46,"column":4},"end":{"line":46,"column":22}}},"fnMap":{"0":{"name":"(anonymous_0)","decl":{"start":{"line":9,"column":2},"end":{"line":9,"column":3}},"loc":{"start":{"line":9,"column":24},"end":{"line":9,"column":26}},"line":9},"1":{"name":"(anonymous_1)","decl":{"start":{"line":11,"column":2},"end":{"line":11,"column":3}},"loc":{"start":{"line":11,"column":52},"end":{"line":16,"column":3}},"line":11},"2":{"name":"(anonymous_2)","decl":{"start":{"line":18,"column":2},"end":{"line":18,"column":3}},"loc":{"start":{"line":18,"column":44},"end":{"line":20,"column":3}},"line":18},"3":{"name":"(anonymous_3)","decl":{"start":{"line":22,"column":2},"end":{"line":22,"column":3}},"loc":{"start":{"line":22,"column":53},"end":{"line":24,"column":3}},"line":22},"4":{"name":"(anonymous_4)","decl":{"start":{"line":23,"column":29},"end":{"line":23,"column":30}},"loc":{"start":{"line":23,"column":41},"end":{"line":23,"column":57}},"line":23},"5":{"name":"(anonymous_5)","decl":{"start":{"line":26,"column":2},"end":{"line":26,"column":3}},"loc":{"start":{"line":26,"column":37},"end":{"line":28,"column":3}},"line":26},"6":{"name":"(anonymous_6)","decl":{"start":{"line":30,"column":2},"end":{"line":30,"column":3}},"loc":{"start":{"line":30,"column":56},"end":{"line":32,"column":3}},"line":30},"7":{"name":"(anonymous_7)","decl":{"start":{"line":31,"column":31},"end":{"line":31,"column":32}},"loc":{"start":{"line":31,"column":43},"end":{"line":31,"column":68}},"line":31},"8":{"name":"(anonymous_8)","decl":{"start":{"line":34,"column":2},"end":{"line":34,"column":3}},"loc":{"start":{"line":34,"column":46},"end":{"line":39,"column":3}},"line":34},"9":{"name":"(anonymous_9)","decl":{"start":{"line":35,"column":41},"end":{"line":35,"column":42}},"loc":{"start":{"line":35,"column":48},"end":{"line":35,"column":66}},"line":35},"10":{"name":"(anonymous_10)","decl":{"start":{"line":41,"column":2},"end":{"line":41,"column":3}},"loc":{"start":{"line":41,"column":42},"end":{"line":43,"column":3}},"line":41},"11":{"name":"(anonymous_11)","decl":{"start":{"line":42,"column":39},"end":{"line":42,"column":40}},"loc":{"start":{"line":42,"column":51},"end":{"line":42,"column":67}},"line":42},"12":{"name":"(anonymous_12)","decl":{"start":{"line":45,"column":2},"end":{"line":45,"column":3}},"loc":{"start":{"line":45,"column":23},"end":{"line":47,"column":3}},"line":45}},"branchMap":{"0":{"loc":{"start":{"line":12,"column":4},"end":{"line":14,"column":5}},"type":"if","locations":[{"start":{"line":12,"column":4},"end":{"line":14,"column":5}},{"start":{},"end":{}}],"line":12},"1":{"loc":{"start":{"line":23,"column":11},"end":{"line":23,"column":66}},"type":"binary-expr","locations":[{"start":{"line":23,"column":11},"end":{"line":23,"column":58}},{"start":{"line":23,"column":62},"end":{"line":23,"column":66}}],"line":23},"2":{"loc":{"start":{"line":36,"column":4},"end":{"line":38,"column":5}},"type":"if","locations":[{"start":{"line":36,"column":4},"end":{"line":38,"column":5}},{"start":{},"end":{}}],"line":36}},"s":{"0":8,"1":17,"2":8,"3":17,"4":7,"5":9,"6":8,"7":2,"8":0,"9":0,"10":3,"11":3,"12":3,"13":2,"14":1,"15":1,"16":3},"f":{"0":8,"1":17,"2":7,"3":9,"4":8,"5":2,"6":0,"7":0,"8":3,"9":3,"10":1,"11":1,"12":3},"b":{"0":[8,9],"1":[9,4],"2":[2,1]},"_coverageSchema":"1a1c01bbd47fc00a2c39e90264f33305004495a9","hash":"dfd12815b0d2989074ec71033003db1acbebf961"}
,"/var/www/app/appturismo/src/core/infra/repositories/MockUserRepository.ts": {"path":"/var/www/app/appturismo/src/core/infra/repositories/MockUserRepository.ts","statementMap":{"0":{"start":{"line":6,"column":26},"end":{"line":6,"column":28}},"1":{"start":{"line":11,"column":4},"end":{"line":13,"column":5}},"2":{"start":{"line":12,"column":6},"end":{"line":12,"column":61}},"3":{"start":{"line":14,"column":4},"end":{"line":14,"column":39}},"4":{"start":{"line":18,"column":4},"end":{"line":18,"column":26}},"5":{"start":{"line":22,"column":4},"end":{"line":22,"column":71}},"6":{"start":{"line":22,"column":35},"end":{"line":22,"column":61}},"7":{"start":{"line":26,"column":4},"end":{"line":26,"column":59}},"8":{"start":{"line":26,"column":35},"end":{"line":26,"column":49}},"9":{"start":{"line":30,"column":4},"end":{"line":30,"column":20}}},"fnMap":{"0":{"name":"(anonymous_0)","decl":{"start":{"line":8,"column":2},"end":{"line":8,"column":3}},"loc":{"start":{"line":8,"column":24},"end":{"line":8,"column":26}},"line":8},"1":{"name":"(anonymous_1)","decl":{"start":{"line":10,"column":2},"end":{"line":10,"column":3}},"loc":{"start":{"line":10,"column":50},"end":{"line":15,"column":3}},"line":10},"2":{"name":"(anonymous_2)","decl":{"start":{"line":17,"column":2},"end":{"line":17,"column":3}},"loc":{"start":{"line":17,"column":40},"end":{"line":19,"column":3}},"line":17},"3":{"name":"(anonymous_3)","decl":{"start":{"line":21,"column":2},"end":{"line":21,"column":3}},"loc":{"start":{"line":21,"column":57},"end":{"line":23,"column":3}},"line":21},"4":{"name":"(anonymous_4)","decl":{"start":{"line":22,"column":27},"end":{"line":22,"column":28}},"loc":{"start":{"line":22,"column":35},"end":{"line":22,"column":61}},"line":22},"5":{"name":"(anonymous_5)","decl":{"start":{"line":25,"column":2},"end":{"line":25,"column":3}},"loc":{"start":{"line":25,"column":51},"end":{"line":27,"column":3}},"line":25},"6":{"name":"(anonymous_6)","decl":{"start":{"line":26,"column":27},"end":{"line":26,"column":28}},"loc":{"start":{"line":26,"column":35},"end":{"line":26,"column":49}},"line":26},"7":{"name":"(anonymous_7)","decl":{"start":{"line":29,"column":2},"end":{"line":29,"column":3}},"loc":{"start":{"line":29,"column":23},"end":{"line":31,"column":3}},"line":29}},"branchMap":{"0":{"loc":{"start":{"line":11,"column":4},"end":{"line":13,"column":5}},"type":"if","locations":[{"start":{"line":11,"column":4},"end":{"line":13,"column":5}},{"start":{},"end":{}}],"line":11},"1":{"loc":{"start":{"line":22,"column":11},"end":{"line":22,"column":70}},"type":"binary-expr","locations":[{"start":{"line":22,"column":11},"end":{"line":22,"column":62}},{"start":{"line":22,"column":66},"end":{"line":22,"column":70}}],"line":22},"2":{"loc":{"start":{"line":26,"column":11},"end":{"line":26,"column":58}},"type":"binary-expr","locations":[{"start":{"line":26,"column":11},"end":{"line":26,"column":50}},{"start":{"line":26,"column":54},"end":{"line":26,"column":58}}],"line":26}},"s":{"0":6,"1":27,"2":6,"3":27,"4":7,"5":14,"6":6,"7":3,"8":2,"9":8},"f":{"0":6,"1":27,"2":7,"3":14,"4":6,"5":3,"6":2,"7":8},"b":{"0":[6,21],"1":[14,8],"2":[3,1]},"_coverageSchema":"1a1c01bbd47fc00a2c39e90264f33305004495a9","hash":"7536c5539efef8d42b18bf84082472edf9922a32"}
,"/var/www/app/appturismo/src/screens/Forms/index.tsx": {"path":"/var/www/app/appturismo/src/screens/Forms/index.tsx","statementMap":{"0":{"start":{"line":20,"column":34},"end":{"line":20,"column":46}},"1":{"start":{"line":21,"column":26},"end":{"line":21,"column":53}},"2":{"start":{"line":22,"column":46},"end":{"line":22,"column":61}},"3":{"start":{"line":23,"column":28},"end":{"line":23,"column":40}},"4":{"start":{"line":24,"column":40},"end":{"line":24,"column":52}},"5":{"start":{"line":25,"column":34},"end":{"line":25,"column":46}},"6":{"start":{"line":27,"column":25},"end":{"line":27,"column":45}},"7":{"start":{"line":30,"column":4},"end":{"line":33,"column":5}},"8":{"start":{"line":31,"column":6},"end":{"line":31,"column":71}},"9":{"start":{"line":32,"column":6},"end":{"line":32,"column":13}},"10":{"start":{"line":35,"column":4},"end":{"line":56,"column":5}},"11":{"start":{"line":36,"column":6},"end":{"line":50,"column":9}},"12":{"start":{"line":52,"column":6},"end":{"line":52,"column":63}},"13":{"start":{"line":53,"column":6},"end":{"line":53,"column":43}},"14":{"start":{"line":55,"column":6},"end":{"line":55,"column":55}},"15":{"start":{"line":59,"column":2},"end":{"line":150,"column":4}},"16":{"start":{"line":89,"column":29},"end":{"line":89,"column":52}},"17":{"start":{"line":102,"column":18},"end":{"line":102,"column":43}},"18":{"start":{"line":103,"column":18},"end":{"line":103,"column":58}},"19":{"start":{"line":103,"column":36},"end":{"line":103,"column":58}}},"fnMap":{"0":{"name":"FormsScreen","decl":{"start":{"line":19,"column":16},"end":{"line":19,"column":27}},"loc":{"start":{"line":19,"column":54},"end":{"line":151,"column":1}},"line":19},"1":{"name":"handleRegister","decl":{"start":{"line":29,"column":17},"end":{"line":29,"column":31}},"loc":{"start":{"line":29,"column":34},"end":{"line":57,"column":3}},"line":29},"2":{"name":"(anonymous_2)","decl":{"start":{"line":89,"column":23},"end":{"line":89,"column":24}},"loc":{"start":{"line":89,"column":29},"end":{"line":89,"column":52}},"line":89},"3":{"name":"(anonymous_3)","decl":{"start":{"line":101,"column":26},"end":{"line":101,"column":27}},"loc":{"start":{"line":101,"column":51},"end":{"line":104,"column":17}},"line":101}},"branchMap":{"0":{"loc":{"start":{"line":30,"column":4},"end":{"line":33,"column":5}},"type":"if","locations":[{"start":{"line":30,"column":4},"end":{"line":33,"column":5}},{"start":{},"end":{}}],"line":30},"1":{"loc":{"start":{"line":30,"column":8},"end":{"line":30,"column":39}},"type":"binary-expr","locations":[{"start":{"line":30,"column":8},"end":{"line":30,"column":14}},{"start":{"line":30,"column":18},"end":{"line":30,"column":30}},{"start":{"line":30,"column":34},"end":{"line":30,"column":39}}],"line":30},"2":{"loc":{"start":{"line":39,"column":25},"end":{"line":39,"column":54}},"type":"binary-expr","locations":[{"start":{"line":39,"column":25},"end":{"line":39,"column":33}},{"start":{"line":39,"column":37},"end":{"line":39,"column":54}}],"line":39},"3":{"loc":{"start":{"line":62,"column":18},"end":{"line":62,"column":63}},"type":"cond-expr","locations":[{"start":{"line":62,"column":42},"end":{"line":62,"column":51}},{"start":{"line":62,"column":54},"end":{"line":62,"column":63}}],"line":62},"4":{"loc":{"start":{"line":91,"column":36},"end":{"line":91,"column":58}},"type":"cond-expr","locations":[{"start":{"line":91,"column":43},"end":{"line":91,"column":49}},{"start":{"line":91,"column":52},"end":{"line":91,"column":58}}],"line":91},"5":{"loc":{"start":{"line":92,"column":17},"end":{"line":92,"column":75}},"type":"cond-expr","locations":[{"start":{"line":92,"column":24},"end":{"line":92,"column":56}},{"start":{"line":92,"column":59},"end":{"line":92,"column":75}}],"line":92},"6":{"loc":{"start":{"line":96,"column":13},"end":{"line":106,"column":13}},"type":"binary-expr","locations":[{"start":{"line":96,"column":13},"end":{"line":96,"column":27}},{"start":{"line":97,"column":14},"end":{"line":105,"column":16}}],"line":96},"7":{"loc":{"start":{"line":98,"column":23},"end":{"line":98,"column":41}},"type":"binary-expr","locations":[{"start":{"line":98,"column":23},"end":{"line":98,"column":27}},{"start":{"line":98,"column":31},"end":{"line":98,"column":41}}],"line":98},"8":{"loc":{"start":{"line":103,"column":18},"end":{"line":103,"column":58}},"type":"if","locations":[{"start":{"line":103,"column":18},"end":{"line":103,"column":58}},{"start":{},"end":{}}],"line":103}},"s":{"0":4,"1":4,"2":4,"3":4,"4":4,"5":4,"6":4,"7":1,"8":1,"9":1,"10":0,"11":0,"12":0,"13":0,"14":0,"15":4,"16":1,"17":0,"18":0,"19":0},"f":{"0":4,"1":1,"2":1,"3":0},"b":{"0":[1,0],"1":[1,1,1],"2":[0,0],"3":[4,0],"4":[0,4],"5":[0,4],"6":[4,3],"7":[3,3],"8":[0,0]},"_coverageSchema":"1a1c01bbd47fc00a2c39e90264f33305004495a9","hash":"f2b62abad358c13ce14340eadd2d356f611199c9"}
,"/var/www/app/appturismo/src/screens/Forms/styles.ts": {"path":"/var/www/app/appturismo/src/screens/Forms/styles.ts","statementMap":{},"fnMap":{},"branchMap":{},"s":{},"f":{},"b":{},"_coverageSchema":"1a1c01bbd47fc00a2c39e90264f33305004495a9","hash":"9f1edf2c233efc0a1a71b969e1fc3322058e7cd7"}
,"/var/www/app/appturismo/src/screens/Login/index.tsx": {"path":"/var/www/app/appturismo/src/screens/Login/index.tsx","statementMap":{"0":{"start":{"line":12,"column":26},"end":{"line":12,"column":35}},"1":{"start":{"line":13,"column":28},"end":{"line":13,"column":40}},"2":{"start":{"line":14,"column":34},"end":{"line":14,"column":46}},"3":{"start":{"line":15,"column":32},"end":{"line":15,"column":47}},"4":{"start":{"line":16,"column":28},"end":{"line":16,"column":57}},"5":{"start":{"line":19,"column":4},"end":{"line":19,"column":21}},"6":{"start":{"line":20,"column":4},"end":{"line":20,"column":19}},"7":{"start":{"line":21,"column":4},"end":{"line":27,"column":5}},"8":{"start":{"line":22,"column":6},"end":{"line":22,"column":45}},"9":{"start":{"line":24,"column":6},"end":{"line":24,"column":40}},"10":{"start":{"line":26,"column":6},"end":{"line":26,"column":24}},"11":{"start":{"line":30,"column":2},"end":{"line":64,"column":4}},"12":{"start":{"line":61,"column":77},"end":{"line":61,"column":108}}},"fnMap":{"0":{"name":"LoginScreen","decl":{"start":{"line":11,"column":16},"end":{"line":11,"column":27}},"loc":{"start":{"line":11,"column":56},"end":{"line":65,"column":1}},"line":11},"1":{"name":"login","decl":{"start":{"line":18,"column":17},"end":{"line":18,"column":22}},"loc":{"start":{"line":18,"column":25},"end":{"line":28,"column":3}},"line":18},"2":{"name":"(anonymous_2)","decl":{"start":{"line":61,"column":71},"end":{"line":61,"column":72}},"loc":{"start":{"line":61,"column":77},"end":{"line":61,"column":108}},"line":61}},"branchMap":{"0":{"loc":{"start":{"line":32,"column":71},"end":{"line":32,"column":102}},"type":"cond-expr","locations":[{"start":{"line":32,"column":95},"end":{"line":32,"column":98}},{"start":{"line":32,"column":101},"end":{"line":32,"column":102}}],"line":32},"1":{"loc":{"start":{"line":60,"column":9},"end":{"line":60,"column":63}},"type":"binary-expr","locations":[{"start":{"line":60,"column":9},"end":{"line":60,"column":14}},{"start":{"line":60,"column":18},"end":{"line":60,"column":63}}],"line":60}},"s":{"0":5,"1":5,"2":5,"3":5,"4":5,"5":1,"6":1,"7":1,"8":1,"9":0,"10":1,"11":5,"12":0},"f":{"0":5,"1":1,"2":0},"b":{"0":[5,0],"1":[5,0]},"_coverageSchema":"1a1c01bbd47fc00a2c39e90264f33305004495a9","hash":"abf41631bf93057f396f130eb1d1938bbcb63514"}
,"/var/www/app/appturismo/src/screens/Login/styles.ts": {"path":"/var/www/app/appturismo/src/screens/Login/styles.ts","statementMap":{"0":{"start":{"line":3,"column":22},"end":{"line":35,"column":2}}},"fnMap":{},"branchMap":{},"s":{"0":1},"f":{},"b":{},"_coverageSchema":"1a1c01bbd47fc00a2c39e90264f33305004495a9","hash":"93430ee631dd56da484a1470b1cafa0bba3d2bd8"}
,"/var/www/app/appturismo/src/screens/Register/index.tsx": {"path":"/var/www/app/appturismo/src/screens/Register/index.tsx","statementMap":{"0":{"start":{"line":12,"column":26},"end":{"line":12,"column":38}},"1":{"start":{"line":13,"column":28},"end":{"line":13,"column":40}},"2":{"start":{"line":14,"column":34},"end":{"line":14,"column":46}},"3":{"start":{"line":15,"column":32},"end":{"line":15,"column":47}},"4":{"start":{"line":16,"column":28},"end":{"line":16,"column":57}},"5":{"start":{"line":17,"column":23},"end":{"line":17,"column":41}},"6":{"start":{"line":20,"column":4},"end":{"line":20,"column":21}},"7":{"start":{"line":21,"column":4},"end":{"line":21,"column":19}},"8":{"start":{"line":22,"column":4},"end":{"line":36,"column":5}},"9":{"start":{"line":23,"column":6},"end":{"line":29,"column":9}},"10":{"start":{"line":30,"column":6},"end":{"line":30,"column":65}},"11":{"start":{"line":31,"column":6},"end":{"line":31,"column":35}},"12":{"start":{"line":33,"column":6},"end":{"line":33,"column":45}},"13":{"start":{"line":35,"column":6},"end":{"line":35,"column":24}},"14":{"start":{"line":39,"column":2},"end":{"line":81,"column":4}},"15":{"start":{"line":78,"column":70},"end":{"line":78,"column":98}}},"fnMap":{"0":{"name":"RegisterScreen","decl":{"start":{"line":11,"column":16},"end":{"line":11,"column":30}},"loc":{"start":{"line":11,"column":59},"end":{"line":82,"column":1}},"line":11},"1":{"name":"handleRegister","decl":{"start":{"line":19,"column":17},"end":{"line":19,"column":31}},"loc":{"start":{"line":19,"column":34},"end":{"line":37,"column":3}},"line":19},"2":{"name":"(anonymous_2)","decl":{"start":{"line":78,"column":64},"end":{"line":78,"column":65}},"loc":{"start":{"line":78,"column":70},"end":{"line":78,"column":98}},"line":78}},"branchMap":{"0":{"loc":{"start":{"line":41,"column":71},"end":{"line":41,"column":102}},"type":"cond-expr","locations":[{"start":{"line":41,"column":95},"end":{"line":41,"column":98}},{"start":{"line":41,"column":101},"end":{"line":41,"column":102}}],"line":41}},"s":{"0":6,"1":6,"2":6,"3":6,"4":6,"5":6,"6":1,"7":1,"8":1,"9":1,"10":1,"11":1,"12":0,"13":1,"14":6,"15":0},"f":{"0":6,"1":1,"2":0},"b":{"0":[6,0]},"_coverageSchema":"1a1c01bbd47fc00a2c39e90264f33305004495a9","hash":"f936fa970e2952cd5baf0f5da18306b8ef72f223"}
,"/var/www/app/appturismo/src/screens/Register/styles.ts": {"path":"/var/www/app/appturismo/src/screens/Register/styles.ts","statementMap":{"0":{"start":{"line":3,"column":22},"end":{"line":36,"column":2}}},"fnMap":{},"branchMap":{},"s":{"0":1},"f":{},"b":{},"_coverageSchema":"1a1c01bbd47fc00a2c39e90264f33305004495a9","hash":"75e24b9c506f8b2df1a45e25b3b1b04432c0fb8d"}
,"/var/www/app/appturismo/src/styles/colors.ts": {"path":"/var/www/app/appturismo/src/styles/colors.ts","statementMap":{"0":{"start":{"line":1,"column":22},"end":{"line":8,"column":1}}},"fnMap":{},"branchMap":{},"s":{"0":2},"f":{},"b":{},"_coverageSchema":"1a1c01bbd47fc00a2c39e90264f33305004495a9","hash":"ef500ec038653c4559878cdbd1799fd2d495bfc5"}
}
