{"C:\\Users\\maria\\coreturismo2025\\appturismo\\src\\components\\ButtonInterface\\index.tsx": {"path":"C:\\Users\\maria\\coreturismo2025\\appturismo\\src\\components\\ButtonInterface\\index.tsx","statementMap":{"0":{"start":{"line":8,"column":2},"end":{"line":18,"column":3}}},"fnMap":{"0":{"name":"ButtonInterface","decl":{"start":{"line":7,"column":16},"end":{"line":7,"column":31}},"loc":{"start":{"line":7,"column":71},"end":{"line":19,"column":1}},"line":7}},"branchMap":{"0":{"loc":{"start":{"line":10,"column":6},"end":{"line":12,"column":28}},"type":"cond-expr","locations":[{"start":{"line":10,"column":26},"end":{"line":10,"column":46}},{"start":{"line":11,"column":8},"end":{"line":12,"column":28}}],"line":10},"1":{"loc":{"start":{"line":11,"column":8},"end":{"line":12,"column":28}},"type":"cond-expr","locations":[{"start":{"line":11,"column":30},"end":{"line":11,"column":52}},{"start":{"line":12,"column":10},"end":{"line":12,"column":28}}],"line":11}},"s":{"0":22},"f":{"0":22},"b":{"0":[11,11],"1":[11,0]},"_coverageSchema":"1a1c01bbd47fc00a2c39e90264f33305004495a9","hash":"146d8c58969b601cff09c11a7129b64fcbeceaaf"}
,"C:\\Users\\maria\\coreturismo2025\\appturismo\\src\\components\\ButtonInterface\\styles.ts": {"path":"C:\\Users\\maria\\coreturismo2025\\appturismo\\src\\components\\ButtonInterface\\styles.ts","statementMap":{"0":{"start":{"line":4,"column":22},"end":{"line":27,"column":2}}},"fnMap":{},"branchMap":{},"s":{"0":1},"f":{},"b":{},"_coverageSchema":"1a1c01bbd47fc00a2c39e90264f33305004495a9","hash":"2e3da4f0a84c78c64c2822e8c657f27051244540"}
,"C:\\Users\\maria\\coreturismo2025\\appturismo\\src\\context\\auth.tsx": {"path":"C:\\Users\\maria\\coreturismo2025\\appturismo\\src\\context\\auth.tsx","statementMap":{"0":{"start":{"line":16,"column":20},"end":{"line":16,"column":75}},"1":{"start":{"line":18,"column":28},"end":{"line":40,"column":1}},"2":{"start":{"line":19,"column":28},"end":{"line":19,"column":43}},"3":{"start":{"line":20,"column":26},"end":{"line":20,"column":53}},"4":{"start":{"line":21,"column":23},"end":{"line":21,"column":41}},"5":{"start":{"line":23,"column":22},"end":{"line":33,"column":3}},"6":{"start":{"line":24,"column":4},"end":{"line":32,"column":5}},"7":{"start":{"line":25,"column":27},"end":{"line":25,"column":69}},"8":{"start":{"line":26,"column":6},"end":{"line":26,"column":28}},"9":{"start":{"line":27,"column":6},"end":{"line":27,"column":21}},"10":{"start":{"line":29,"column":6},"end":{"line":29,"column":44}},"11":{"start":{"line":31,"column":6},"end":{"line":31,"column":18}},"12":{"start":{"line":35,"column":2},"end":{"line":39,"column":4}},"13":{"start":{"line":43,"column":18},"end":{"line":43,"column":41}},"14":{"start":{"line":44,"column":2},"end":{"line":46,"column":3}},"15":{"start":{"line":45,"column":4},"end":{"line":45,"column":65}},"16":{"start":{"line":47,"column":2},"end":{"line":47,"column":17}}},"fnMap":{"0":{"name":"(anonymous_0)","decl":{"start":{"line":18,"column":28},"end":{"line":18,"column":29}},"loc":{"start":{"line":18,"column":57},"end":{"line":40,"column":1}},"line":18},"1":{"name":"(anonymous_1)","decl":{"start":{"line":23,"column":22},"end":{"line":23,"column":23}},"loc":{"start":{"line":23,"column":73},"end":{"line":33,"column":3}},"line":23},"2":{"name":"useAuth","decl":{"start":{"line":42,"column":16},"end":{"line":42,"column":23}},"loc":{"start":{"line":42,"column":44},"end":{"line":48,"column":1}},"line":42}},"branchMap":{"0":{"loc":{"start":{"line":44,"column":2},"end":{"line":46,"column":3}},"type":"if","locations":[{"start":{"line":44,"column":2},"end":{"line":46,"column":3}},{"start":{},"end":{}}],"line":44}},"s":{"0":1,"1":1,"2":2,"3":2,"4":2,"5":2,"6":1,"7":1,"8":1,"9":1,"10":0,"11":0,"12":2,"13":5,"14":5,"15":0,"16":5},"f":{"0":2,"1":1,"2":5},"b":{"0":[0,5]},"_coverageSchema":"1a1c01bbd47fc00a2c39e90264f33305004495a9","hash":"ce58ce6229dd2b7568964ef3e957fece420102a5"}
,"C:\\Users\\maria\\coreturismo2025\\appturismo\\src\\core\\domain\\entities\\Travel.ts": {"path":"C:\\Users\\maria\\coreturismo2025\\appturismo\\src\\core\\domain\\entities\\Travel.ts","statementMap":{"0":{"start":{"line":25,"column":4},"end":{"line":25,"column":74}}},"fnMap":{"0":{"name":"(anonymous_0)","decl":{"start":{"line":6,"column":2},"end":{"line":6,"column":3}},"loc":{"start":{"line":14,"column":4},"end":{"line":14,"column":6}},"line":14},"1":{"name":"(anonymous_1)","decl":{"start":{"line":16,"column":2},"end":{"line":16,"column":3}},"loc":{"start":{"line":24,"column":12},"end":{"line":26,"column":3}},"line":24}},"branchMap":{},"s":{"0":11},"f":{"0":11,"1":11},"b":{},"_coverageSchema":"1a1c01bbd47fc00a2c39e90264f33305004495a9","hash":"28ce34a843a03575b0ca73d6b2b458805bc75793"}
,"C:\\Users\\maria\\coreturismo2025\\appturismo\\src\\core\\domain\\entities\\User.ts": {"path":"C:\\Users\\maria\\coreturismo2025\\appturismo\\src\\core\\domain\\entities\\User.ts","statementMap":{"0":{"start":{"line":22,"column":4},"end":{"line":22,"column":57}}},"fnMap":{"0":{"name":"(anonymous_0)","decl":{"start":{"line":7,"column":2},"end":{"line":7,"column":3}},"loc":{"start":{"line":13,"column":4},"end":{"line":13,"column":6}},"line":13},"1":{"name":"(anonymous_1)","decl":{"start":{"line":15,"column":2},"end":{"line":15,"column":3}},"loc":{"start":{"line":21,"column":10},"end":{"line":23,"column":3}},"line":21}},"branchMap":{},"s":{"0":16},"f":{"0":16,"1":16},"b":{},"_coverageSchema":"1a1c01bbd47fc00a2c39e90264f33305004495a9","hash":"409b5684eeb7bb940b92398e56aa31422dec40ec"}
,"C:\\Users\\maria\\coreturismo2025\\appturismo\\src\\core\\domain\\use-cases\\DeleteTravel.ts": {"path":"C:\\Users\\maria\\coreturismo2025\\appturismo\\src\\core\\domain\\use-cases\\DeleteTravel.ts","statementMap":{"0":{"start":{"line":7,"column":19},"end":{"line":7,"column":25}},"1":{"start":{"line":9,"column":19},"end":{"line":9,"column":59}},"2":{"start":{"line":11,"column":4},"end":{"line":13,"column":5}},"3":{"start":{"line":12,"column":6},"end":{"line":12,"column":47}},"4":{"start":{"line":15,"column":4},"end":{"line":15,"column":43}}},"fnMap":{"0":{"name":"(anonymous_0)","decl":{"start":{"line":4,"column":2},"end":{"line":4,"column":3}},"loc":{"start":{"line":4,"column":68},"end":{"line":4,"column":70}},"line":4},"1":{"name":"(anonymous_1)","decl":{"start":{"line":6,"column":2},"end":{"line":6,"column":3}},"loc":{"start":{"line":6,"column":55},"end":{"line":16,"column":3}},"line":6}},"branchMap":{"0":{"loc":{"start":{"line":11,"column":4},"end":{"line":13,"column":5}},"type":"if","locations":[{"start":{"line":11,"column":4},"end":{"line":13,"column":5}},{"start":{},"end":{}}],"line":11}},"s":{"0":2,"1":2,"2":2,"3":1,"4":1},"f":{"0":3,"1":2},"b":{"0":[1,1]},"_coverageSchema":"1a1c01bbd47fc00a2c39e90264f33305004495a9","hash":"504467f865c71546e120db6eca465aced5609a68"}
,"C:\\Users\\maria\\coreturismo2025\\appturismo\\src\\core\\domain\\use-cases\\FindAllTravel.ts": {"path":"C:\\Users\\maria\\coreturismo2025\\appturismo\\src\\core\\domain\\use-cases\\FindAllTravel.ts","statementMap":{"0":{"start":{"line":8,"column":4},"end":{"line":8,"column":43}}},"fnMap":{"0":{"name":"(anonymous_0)","decl":{"start":{"line":5,"column":2},"end":{"line":5,"column":3}},"loc":{"start":{"line":5,"column":68},"end":{"line":5,"column":70}},"line":5},"1":{"name":"(anonymous_1)","decl":{"start":{"line":7,"column":2},"end":{"line":7,"column":3}},"loc":{"start":{"line":7,"column":44},"end":{"line":9,"column":3}},"line":7}},"branchMap":{},"s":{"0":2},"f":{"0":3,"1":2},"b":{},"_coverageSchema":"1a1c01bbd47fc00a2c39e90264f33305004495a9","hash":"ca764c0b0318e9418ad989ed3325bbe208984170"}
,"C:\\Users\\maria\\coreturismo2025\\appturismo\\src\\core\\domain\\use-cases\\FindTravel.ts": {"path":"C:\\Users\\maria\\coreturismo2025\\appturismo\\src\\core\\domain\\use-cases\\FindTravel.ts","statementMap":{"0":{"start":{"line":8,"column":4},"end":{"line":8,"column":53}}},"fnMap":{"0":{"name":"(anonymous_0)","decl":{"start":{"line":5,"column":2},"end":{"line":5,"column":3}},"loc":{"start":{"line":5,"column":68},"end":{"line":5,"column":70}},"line":5},"1":{"name":"(anonymous_1)","decl":{"start":{"line":7,"column":2},"end":{"line":7,"column":3}},"loc":{"start":{"line":7,"column":64},"end":{"line":9,"column":3}},"line":7}},"branchMap":{},"s":{"0":2},"f":{"0":3,"1":2},"b":{},"_coverageSchema":"1a1c01bbd47fc00a2c39e90264f33305004495a9","hash":"690ae4a3998b79c20a67567262fe9e81b34b26ed"}
,"C:\\Users\\maria\\coreturismo2025\\appturismo\\src\\core\\domain\\use-cases\\FindUser.ts": {"path":"C:\\Users\\maria\\coreturismo2025\\appturismo\\src\\core\\domain\\use-cases\\FindUser.ts","statementMap":{"0":{"start":{"line":8,"column":4},"end":{"line":8,"column":51}}},"fnMap":{"0":{"name":"(anonymous_0)","decl":{"start":{"line":5,"column":2},"end":{"line":5,"column":3}},"loc":{"start":{"line":5,"column":64},"end":{"line":5,"column":66}},"line":5},"1":{"name":"(anonymous_1)","decl":{"start":{"line":7,"column":2},"end":{"line":7,"column":3}},"loc":{"start":{"line":7,"column":62},"end":{"line":9,"column":3}},"line":7}},"branchMap":{},"s":{"0":2},"f":{"0":11,"1":2},"b":{},"_coverageSchema":"1a1c01bbd47fc00a2c39e90264f33305004495a9","hash":"d1c20d3313898777285aede64880ca2c20045fba"}
,"C:\\Users\\maria\\coreturismo2025\\appturismo\\src\\core\\domain\\use-cases\\LoginUser.ts": {"path":"C:\\Users\\maria\\coreturismo2025\\appturismo\\src\\core\\domain\\use-cases\\LoginUser.ts","statementMap":{"0":{"start":{"line":12,"column":32},"end":{"line":12,"column":38}},"1":{"start":{"line":14,"column":17},"end":{"line":14,"column":61}},"2":{"start":{"line":16,"column":4},"end":{"line":18,"column":5}},"3":{"start":{"line":17,"column":6},"end":{"line":17,"column":47}},"4":{"start":{"line":20,"column":28},"end":{"line":23,"column":5}},"5":{"start":{"line":25,"column":4},"end":{"line":27,"column":5}},"6":{"start":{"line":26,"column":6},"end":{"line":26,"column":47}},"7":{"start":{"line":29,"column":4},"end":{"line":29,"column":16}},"8":{"start":{"line":36,"column":4},"end":{"line":36,"column":51}}},"fnMap":{"0":{"name":"(anonymous_0)","decl":{"start":{"line":6,"column":2},"end":{"line":6,"column":3}},"loc":{"start":{"line":6,"column":64},"end":{"line":6,"column":66}},"line":6},"1":{"name":"(anonymous_1)","decl":{"start":{"line":8,"column":2},"end":{"line":8,"column":3}},"loc":{"start":{"line":11,"column":20},"end":{"line":30,"column":3}},"line":11},"2":{"name":"(anonymous_2)","decl":{"start":{"line":32,"column":2},"end":{"line":32,"column":3}},"loc":{"start":{"line":35,"column":22},"end":{"line":37,"column":3}},"line":35}},"branchMap":{"0":{"loc":{"start":{"line":16,"column":4},"end":{"line":18,"column":5}},"type":"if","locations":[{"start":{"line":16,"column":4},"end":{"line":18,"column":5}},{"start":{},"end":{}}],"line":16},"1":{"loc":{"start":{"line":25,"column":4},"end":{"line":27,"column":5}},"type":"if","locations":[{"start":{"line":25,"column":4},"end":{"line":27,"column":5}},{"start":{},"end":{}}],"line":25}},"s":{"0":4,"1":4,"2":4,"3":1,"4":3,"5":3,"6":1,"7":2,"8":3},"f":{"0":12,"1":4,"2":3},"b":{"0":[1,3],"1":[1,2]},"_coverageSchema":"1a1c01bbd47fc00a2c39e90264f33305004495a9","hash":"96aee35a7bd62f2f91cf643f314fefbf128ecfa2"}
,"C:\\Users\\maria\\coreturismo2025\\appturismo\\src\\core\\domain\\use-cases\\LogoutUser.ts": {"path":"C:\\Users\\maria\\coreturismo2025\\appturismo\\src\\core\\domain\\use-cases\\LogoutUser.ts","statementMap":{"0":{"start":{"line":7,"column":4},"end":{"line":7,"column":53}}},"fnMap":{"0":{"name":"(anonymous_0)","decl":{"start":{"line":2,"column":2},"end":{"line":2,"column":3}},"loc":{"start":{"line":2,"column":16},"end":{"line":2,"column":18}},"line":2},"1":{"name":"(anonymous_1)","decl":{"start":{"line":4,"column":2},"end":{"line":4,"column":3}},"loc":{"start":{"line":4,"column":59},"end":{"line":8,"column":3}},"line":4}},"branchMap":{},"s":{"0":1},"f":{"0":10,"1":1},"b":{},"_coverageSchema":"1a1c01bbd47fc00a2c39e90264f33305004495a9","hash":"14748b1861a977d54114d89b1b8c87f16c13d048"}
,"C:\\Users\\maria\\coreturismo2025\\appturismo\\src\\core\\domain\\use-cases\\RegisterTravel.ts": {"path":"C:\\Users\\maria\\coreturismo2025\\appturismo\\src\\core\\domain\\use-cases\\RegisterTravel.ts","statementMap":{"0":{"start":{"line":19,"column":78},"end":{"line":19,"column":84}},"1":{"start":{"line":21,"column":21},"end":{"line":21,"column":63}},"2":{"start":{"line":22,"column":18},"end":{"line":22,"column":63}},"3":{"start":{"line":24,"column":19},"end":{"line":32,"column":5}},"4":{"start":{"line":34,"column":4},"end":{"line":34,"column":45}},"5":{"start":{"line":36,"column":4},"end":{"line":36,"column":18}}},"fnMap":{"0":{"name":"(anonymous_0)","decl":{"start":{"line":8,"column":2},"end":{"line":8,"column":3}},"loc":{"start":{"line":8,"column":68},"end":{"line":8,"column":70}},"line":8},"1":{"name":"(anonymous_1)","decl":{"start":{"line":10,"column":2},"end":{"line":10,"column":3}},"loc":{"start":{"line":18,"column":22},"end":{"line":37,"column":3}},"line":18}},"branchMap":{"0":{"loc":{"start":{"line":22,"column":18},"end":{"line":22,"column":63}},"type":"cond-expr","locations":[{"start":{"line":22,"column":29},"end":{"line":22,"column":51}},{"start":{"line":22,"column":54},"end":{"line":22,"column":63}}],"line":22}},"s":{"0":5,"1":5,"2":5,"3":5,"4":5,"5":5},"f":{"0":5,"1":5},"b":{"0":[5,0]},"_coverageSchema":"1a1c01bbd47fc00a2c39e90264f33305004495a9","hash":"f41b939b3d213abcadbb3fca3b1fc9fa7d905a48"}
,"C:\\Users\\maria\\coreturismo2025\\appturismo\\src\\core\\domain\\use-cases\\RegisterUser.ts": {"path":"C:\\Users\\maria\\coreturismo2025\\appturismo\\src\\core\\domain\\use-cases\\RegisterUser.ts","statementMap":{"0":{"start":{"line":18,"column":59},"end":{"line":18,"column":65}},"1":{"start":{"line":20,"column":23},"end":{"line":20,"column":67}},"2":{"start":{"line":22,"column":4},"end":{"line":24,"column":5}},"3":{"start":{"line":23,"column":6},"end":{"line":23,"column":45}},"4":{"start":{"line":26,"column":27},"end":{"line":26,"column":60}},"5":{"start":{"line":28,"column":17},"end":{"line":34,"column":5}},"6":{"start":{"line":36,"column":4},"end":{"line":36,"column":41}},"7":{"start":{"line":38,"column":4},"end":{"line":38,"column":16}},"8":{"start":{"line":42,"column":4},"end":{"line":42,"column":32}}},"fnMap":{"0":{"name":"(anonymous_0)","decl":{"start":{"line":9,"column":2},"end":{"line":9,"column":3}},"loc":{"start":{"line":9,"column":64},"end":{"line":9,"column":66}},"line":9},"1":{"name":"(anonymous_1)","decl":{"start":{"line":11,"column":2},"end":{"line":11,"column":3}},"loc":{"start":{"line":17,"column":20},"end":{"line":39,"column":3}},"line":17},"2":{"name":"(anonymous_2)","decl":{"start":{"line":41,"column":2},"end":{"line":41,"column":3}},"loc":{"start":{"line":41,"column":64},"end":{"line":43,"column":3}},"line":41}},"branchMap":{"0":{"loc":{"start":{"line":22,"column":4},"end":{"line":24,"column":5}},"type":"if","locations":[{"start":{"line":22,"column":4},"end":{"line":24,"column":5}},{"start":{},"end":{}}],"line":22}},"s":{"0":7,"1":7,"2":7,"3":1,"4":6,"5":6,"6":6,"7":6,"8":6},"f":{"0":14,"1":7,"2":6},"b":{"0":[1,6]},"_coverageSchema":"1a1c01bbd47fc00a2c39e90264f33305004495a9","hash":"f660134f03ff30f5a99869f543735ad6a0c9a6a2"}
,"C:\\Users\\maria\\coreturismo2025\\appturismo\\src\\core\\domain\\use-cases\\UpdateTravel.ts": {"path":"C:\\Users\\maria\\coreturismo2025\\appturismo\\src\\core\\domain\\use-cases\\UpdateTravel.ts","statementMap":{"0":{"start":{"line":19,"column":71},"end":{"line":19,"column":77}},"1":{"start":{"line":21,"column":19},"end":{"line":21,"column":59}},"2":{"start":{"line":23,"column":4},"end":{"line":25,"column":5}},"3":{"start":{"line":24,"column":6},"end":{"line":24,"column":47}},"4":{"start":{"line":27,"column":21},"end":{"line":27,"column":42}},"5":{"start":{"line":28,"column":27},"end":{"line":28,"column":60}},"6":{"start":{"line":29,"column":20},"end":{"line":29,"column":39}},"7":{"start":{"line":30,"column":24},"end":{"line":32,"column":23}},"8":{"start":{"line":33,"column":20},"end":{"line":33,"column":39}},"9":{"start":{"line":34,"column":21},"end":{"line":34,"column":69}},"10":{"start":{"line":36,"column":26},"end":{"line":44,"column":5}},"11":{"start":{"line":46,"column":4},"end":{"line":46,"column":54}},"12":{"start":{"line":48,"column":4},"end":{"line":48,"column":25}}},"fnMap":{"0":{"name":"(anonymous_0)","decl":{"start":{"line":8,"column":2},"end":{"line":8,"column":3}},"loc":{"start":{"line":8,"column":68},"end":{"line":8,"column":70}},"line":8},"1":{"name":"(anonymous_1)","decl":{"start":{"line":10,"column":2},"end":{"line":10,"column":3}},"loc":{"start":{"line":18,"column":22},"end":{"line":49,"column":3}},"line":18}},"branchMap":{"0":{"loc":{"start":{"line":23,"column":4},"end":{"line":25,"column":5}},"type":"if","locations":[{"start":{"line":23,"column":4},"end":{"line":25,"column":5}},{"start":{},"end":{}}],"line":23},"1":{"loc":{"start":{"line":27,"column":21},"end":{"line":27,"column":42}},"type":"binary-expr","locations":[{"start":{"line":27,"column":21},"end":{"line":27,"column":26}},{"start":{"line":27,"column":30},"end":{"line":27,"column":42}}],"line":27},"2":{"loc":{"start":{"line":28,"column":27},"end":{"line":28,"column":60}},"type":"binary-expr","locations":[{"start":{"line":28,"column":27},"end":{"line":28,"column":38}},{"start":{"line":28,"column":42},"end":{"line":28,"column":60}}],"line":28},"3":{"loc":{"start":{"line":29,"column":20},"end":{"line":29,"column":39}},"type":"binary-expr","locations":[{"start":{"line":29,"column":20},"end":{"line":29,"column":24}},{"start":{"line":29,"column":28},"end":{"line":29,"column":39}}],"line":29},"4":{"loc":{"start":{"line":30,"column":24},"end":{"line":32,"column":23}},"type":"cond-expr","locations":[{"start":{"line":31,"column":8},"end":{"line":31,"column":68}},{"start":{"line":32,"column":8},"end":{"line":32,"column":23}}],"line":30},"5":{"loc":{"start":{"line":33,"column":20},"end":{"line":33,"column":39}},"type":"binary-expr","locations":[{"start":{"line":33,"column":20},"end":{"line":33,"column":24}},{"start":{"line":33,"column":28},"end":{"line":33,"column":39}}],"line":33},"6":{"loc":{"start":{"line":34,"column":21},"end":{"line":34,"column":69}},"type":"cond-expr","locations":[{"start":{"line":34,"column":32},"end":{"line":34,"column":54}},{"start":{"line":34,"column":57},"end":{"line":34,"column":69}}],"line":34}},"s":{"0":3,"1":3,"2":3,"3":1,"4":2,"5":2,"6":2,"7":2,"8":2,"9":2,"10":2,"11":2,"12":2},"f":{"0":4,"1":3},"b":{"0":[1,2],"1":[2,1],"2":[2,1],"3":[2,2],"4":[0,2],"5":[2,2],"6":[1,1]},"_coverageSchema":"1a1c01bbd47fc00a2c39e90264f33305004495a9","hash":"75141313869ef0b580fb8be8d8fef33dc46332f7"}
,"C:\\Users\\maria\\coreturismo2025\\appturismo\\src\\core\\domain\\value-objects\\Email.ts": {"path":"C:\\Users\\maria\\coreturismo2025\\appturismo\\src\\core\\domain\\value-objects\\Email.ts","statementMap":{"0":{"start":{"line":5,"column":4},"end":{"line":7,"column":5}},"1":{"start":{"line":6,"column":6},"end":{"line":6,"column":39}},"2":{"start":{"line":8,"column":4},"end":{"line":8,"column":28}},"3":{"start":{"line":12,"column":23},"end":{"line":12,"column":58}},"4":{"start":{"line":13,"column":4},"end":{"line":13,"column":34}}},"fnMap":{"0":{"name":"(anonymous_0)","decl":{"start":{"line":2,"column":2},"end":{"line":2,"column":3}},"loc":{"start":{"line":2,"column":46},"end":{"line":2,"column":48}},"line":2},"1":{"name":"(anonymous_1)","decl":{"start":{"line":4,"column":2},"end":{"line":4,"column":3}},"loc":{"start":{"line":4,"column":38},"end":{"line":9,"column":3}},"line":4},"2":{"name":"(anonymous_2)","decl":{"start":{"line":11,"column":2},"end":{"line":11,"column":3}},"loc":{"start":{"line":11,"column":50},"end":{"line":14,"column":3}},"line":11}},"branchMap":{"0":{"loc":{"start":{"line":5,"column":4},"end":{"line":7,"column":5}},"type":"if","locations":[{"start":{"line":5,"column":4},"end":{"line":7,"column":5}},{"start":{},"end":{}}],"line":5}},"s":{"0":18,"1":1,"2":17,"3":18,"4":18},"f":{"0":17,"1":18,"2":18},"b":{"0":[1,17]},"_coverageSchema":"1a1c01bbd47fc00a2c39e90264f33305004495a9","hash":"1be58ce1587cac7a289e591200741ca77d7d483f"}
,"C:\\Users\\maria\\coreturismo2025\\appturismo\\src\\core\\domain\\value-objects\\GeoCoordinates.ts": {"path":"C:\\Users\\maria\\coreturismo2025\\appturismo\\src\\core\\domain\\value-objects\\GeoCoordinates.ts","statementMap":{"0":{"start":{"line":5,"column":4},"end":{"line":7,"column":5}},"1":{"start":{"line":6,"column":6},"end":{"line":6,"column":59}},"2":{"start":{"line":8,"column":4},"end":{"line":8,"column":51}},"3":{"start":{"line":12,"column":4},"end":{"line":12,"column":86}}},"fnMap":{"0":{"name":"(anonymous_0)","decl":{"start":{"line":2,"column":2},"end":{"line":2,"column":3}},"loc":{"start":{"line":2,"column":77},"end":{"line":2,"column":79}},"line":2},"1":{"name":"(anonymous_1)","decl":{"start":{"line":4,"column":2},"end":{"line":4,"column":3}},"loc":{"start":{"line":4,"column":69},"end":{"line":9,"column":3}},"line":4},"2":{"name":"(anonymous_2)","decl":{"start":{"line":11,"column":2},"end":{"line":11,"column":3}},"loc":{"start":{"line":11,"column":72},"end":{"line":13,"column":3}},"line":11}},"branchMap":{"0":{"loc":{"start":{"line":5,"column":4},"end":{"line":7,"column":5}},"type":"if","locations":[{"start":{"line":5,"column":4},"end":{"line":7,"column":5}},{"start":{},"end":{}}],"line":5},"1":{"loc":{"start":{"line":12,"column":11},"end":{"line":12,"column":85}},"type":"binary-expr","locations":[{"start":{"line":12,"column":11},"end":{"line":12,"column":26}},{"start":{"line":12,"column":30},"end":{"line":12,"column":44}},{"start":{"line":12,"column":48},"end":{"line":12,"column":65}},{"start":{"line":12,"column":69},"end":{"line":12,"column":85}}],"line":12}},"s":{"0":29,"1":3,"2":26,"3":29},"f":{"0":26,"1":29,"2":29},"b":{"0":[3,26],"1":[29,29,27,27]},"_coverageSchema":"1a1c01bbd47fc00a2c39e90264f33305004495a9","hash":"671c748cb7f91069cb1269325d7f06d55999c233"}
,"C:\\Users\\maria\\coreturismo2025\\appturismo\\src\\core\\domain\\value-objects\\Name.ts": {"path":"C:\\Users\\maria\\coreturismo2025\\appturismo\\src\\core\\domain\\value-objects\\Name.ts","statementMap":{"0":{"start":{"line":5,"column":4},"end":{"line":7,"column":5}},"1":{"start":{"line":6,"column":6},"end":{"line":6,"column":38}},"2":{"start":{"line":8,"column":4},"end":{"line":8,"column":26}},"3":{"start":{"line":12,"column":4},"end":{"line":12,"column":27}}},"fnMap":{"0":{"name":"(anonymous_0)","decl":{"start":{"line":2,"column":2},"end":{"line":2,"column":3}},"loc":{"start":{"line":2,"column":46},"end":{"line":2,"column":48}},"line":2},"1":{"name":"(anonymous_1)","decl":{"start":{"line":4,"column":2},"end":{"line":4,"column":3}},"loc":{"start":{"line":4,"column":36},"end":{"line":9,"column":3}},"line":4},"2":{"name":"(anonymous_2)","decl":{"start":{"line":11,"column":2},"end":{"line":11,"column":3}},"loc":{"start":{"line":11,"column":49},"end":{"line":13,"column":3}},"line":11}},"branchMap":{"0":{"loc":{"start":{"line":5,"column":4},"end":{"line":7,"column":5}},"type":"if","locations":[{"start":{"line":5,"column":4},"end":{"line":7,"column":5}},{"start":{},"end":{}}],"line":5}},"s":{"0":18,"1":1,"2":17,"3":18},"f":{"0":17,"1":18,"2":18},"b":{"0":[1,17]},"_coverageSchema":"1a1c01bbd47fc00a2c39e90264f33305004495a9","hash":"05c9a625d5f5ce8f910463cf422f21e3a33e619b"}
,"C:\\Users\\maria\\coreturismo2025\\appturismo\\src\\core\\domain\\value-objects\\Password.ts": {"path":"C:\\Users\\maria\\coreturismo2025\\appturismo\\src\\core\\domain\\value-objects\\Password.ts","statementMap":{"0":{"start":{"line":5,"column":4},"end":{"line":7,"column":5}},"1":{"start":{"line":6,"column":6},"end":{"line":6,"column":42}},"2":{"start":{"line":8,"column":4},"end":{"line":8,"column":34}},"3":{"start":{"line":12,"column":4},"end":{"line":12,"column":32}}},"fnMap":{"0":{"name":"(anonymous_0)","decl":{"start":{"line":2,"column":2},"end":{"line":2,"column":3}},"loc":{"start":{"line":2,"column":46},"end":{"line":2,"column":48}},"line":2},"1":{"name":"(anonymous_1)","decl":{"start":{"line":4,"column":2},"end":{"line":4,"column":3}},"loc":{"start":{"line":4,"column":44},"end":{"line":9,"column":3}},"line":4},"2":{"name":"(anonymous_2)","decl":{"start":{"line":11,"column":2},"end":{"line":11,"column":3}},"loc":{"start":{"line":11,"column":53},"end":{"line":13,"column":3}},"line":11}},"branchMap":{"0":{"loc":{"start":{"line":5,"column":4},"end":{"line":7,"column":5}},"type":"if","locations":[{"start":{"line":5,"column":4},"end":{"line":7,"column":5}},{"start":{},"end":{}}],"line":5}},"s":{"0":18,"1":1,"2":17,"3":18},"f":{"0":17,"1":18,"2":18},"b":{"0":[1,17]},"_coverageSchema":"1a1c01bbd47fc00a2c39e90264f33305004495a9","hash":"a631a4a2100c5dfd492e7ebf9dabbbacda23ab84"}
,"C:\\Users\\maria\\coreturismo2025\\appturismo\\src\\core\\domain\\value-objects\\Photo.ts": {"path":"C:\\Users\\maria\\coreturismo2025\\appturismo\\src\\core\\domain\\value-objects\\Photo.ts","statementMap":{"0":{"start":{"line":5,"column":4},"end":{"line":7,"column":5}},"1":{"start":{"line":6,"column":6},"end":{"line":6,"column":46}},"2":{"start":{"line":8,"column":4},"end":{"line":8,"column":26}},"3":{"start":{"line":12,"column":4},"end":{"line":17,"column":5}},"4":{"start":{"line":13,"column":6},"end":{"line":13,"column":19}},"5":{"start":{"line":14,"column":6},"end":{"line":14,"column":18}},"6":{"start":{"line":16,"column":6},"end":{"line":16,"column":19}}},"fnMap":{"0":{"name":"(anonymous_0)","decl":{"start":{"line":2,"column":2},"end":{"line":2,"column":3}},"loc":{"start":{"line":2,"column":44},"end":{"line":2,"column":46}},"line":2},"1":{"name":"(anonymous_1)","decl":{"start":{"line":4,"column":2},"end":{"line":4,"column":3}},"loc":{"start":{"line":4,"column":36},"end":{"line":9,"column":3}},"line":4},"2":{"name":"(anonymous_2)","decl":{"start":{"line":11,"column":2},"end":{"line":11,"column":3}},"loc":{"start":{"line":11,"column":48},"end":{"line":18,"column":3}},"line":11}},"branchMap":{"0":{"loc":{"start":{"line":5,"column":4},"end":{"line":7,"column":5}},"type":"if","locations":[{"start":{"line":5,"column":4},"end":{"line":7,"column":5}},{"start":{},"end":{}}],"line":5}},"s":{"0":13,"1":2,"2":11,"3":13,"4":13,"5":11,"6":2},"f":{"0":11,"1":13,"2":13},"b":{"0":[2,11]},"_coverageSchema":"1a1c01bbd47fc00a2c39e90264f33305004495a9","hash":"71736e78eb8e0234a9942694f6e329ea96683605"}
,"C:\\Users\\maria\\coreturismo2025\\appturismo\\src\\core\\factories\\makeTraveUsecases.ts": {"path":"C:\\Users\\maria\\coreturismo2025\\appturismo\\src\\core\\factories\\makeTraveUsecases.ts","statementMap":{"0":{"start":{"line":11,"column":46},"end":{"line":11,"column":80}},"1":{"start":{"line":13,"column":24},"end":{"line":13,"column":60}},"2":{"start":{"line":14,"column":22},"end":{"line":14,"column":56}},"3":{"start":{"line":15,"column":23},"end":{"line":15,"column":57}},"4":{"start":{"line":16,"column":20},"end":{"line":16,"column":52}},"5":{"start":{"line":17,"column":24},"end":{"line":17,"column":59}},"6":{"start":{"line":19,"column":2},"end":{"line":25,"column":4}}},"fnMap":{"0":{"name":"makeTravelUseCases","decl":{"start":{"line":10,"column":16},"end":{"line":10,"column":34}},"loc":{"start":{"line":10,"column":37},"end":{"line":26,"column":1}},"line":10}},"branchMap":{},"s":{"0":1,"1":1,"2":1,"3":1,"4":1,"5":1,"6":1},"f":{"0":1},"b":{},"_coverageSchema":"1a1c01bbd47fc00a2c39e90264f33305004495a9","hash":"d6dfc76f634deb764c7b8859b76d1c97b96766c0"}
,"C:\\Users\\maria\\coreturismo2025\\appturismo\\src\\core\\factories\\makeUserUsecases.ts": {"path":"C:\\Users\\maria\\coreturismo2025\\appturismo\\src\\core\\factories\\makeUserUsecases.ts","statementMap":{"0":{"start":{"line":10,"column":42},"end":{"line":10,"column":74}},"1":{"start":{"line":12,"column":23},"end":{"line":12,"column":55}},"2":{"start":{"line":13,"column":20},"end":{"line":13,"column":49}},"3":{"start":{"line":14,"column":21},"end":{"line":14,"column":37}},"4":{"start":{"line":16,"column":19},"end":{"line":16,"column":47}},"5":{"start":{"line":18,"column":2},"end":{"line":23,"column":4}}},"fnMap":{"0":{"name":"makeUserUseCases","decl":{"start":{"line":9,"column":16},"end":{"line":9,"column":32}},"loc":{"start":{"line":9,"column":35},"end":{"line":24,"column":1}},"line":9}},"branchMap":{},"s":{"0":9,"1":9,"2":9,"3":9,"4":9,"5":9},"f":{"0":9},"b":{},"_coverageSchema":"1a1c01bbd47fc00a2c39e90264f33305004495a9","hash":"792a7bf0837490a2df631cd95f67cf798cdcf991"}
,"C:\\Users\\maria\\coreturismo2025\\appturismo\\src\\core\\infra\\repositories\\MockTravelRepository.ts": {"path":"C:\\Users\\maria\\coreturismo2025\\appturismo\\src\\core\\infra\\repositories\\MockTravelRepository.ts","statementMap":{"0":{"start":{"line":7,"column":30},"end":{"line":7,"column":32}},"1":{"start":{"line":12,"column":4},"end":{"line":14,"column":5}},"2":{"start":{"line":13,"column":6},"end":{"line":13,"column":65}},"3":{"start":{"line":15,"column":4},"end":{"line":15,"column":41}},"4":{"start":{"line":19,"column":4},"end":{"line":19,"column":30}},"5":{"start":{"line":23,"column":4},"end":{"line":23,"column":67}},"6":{"start":{"line":23,"column":41},"end":{"line":23,"column":57}},"7":{"start":{"line":27,"column":4},"end":{"line":27,"column":24}},"8":{"start":{"line":31,"column":4},"end":{"line":31,"column":70}},"9":{"start":{"line":31,"column":43},"end":{"line":31,"column":68}},"10":{"start":{"line":35,"column":18},"end":{"line":35,"column":67}},"11":{"start":{"line":35,"column":48},"end":{"line":35,"column":66}},"12":{"start":{"line":36,"column":4},"end":{"line":38,"column":5}},"13":{"start":{"line":37,"column":6},"end":{"line":37,"column":35}},"14":{"start":{"line":42,"column":4},"end":{"line":42,"column":69}},"15":{"start":{"line":42,"column":51},"end":{"line":42,"column":67}},"16":{"start":{"line":46,"column":4},"end":{"line":46,"column":22}}},"fnMap":{"0":{"name":"(anonymous_0)","decl":{"start":{"line":9,"column":2},"end":{"line":9,"column":3}},"loc":{"start":{"line":9,"column":24},"end":{"line":9,"column":26}},"line":9},"1":{"name":"(anonymous_1)","decl":{"start":{"line":11,"column":2},"end":{"line":11,"column":3}},"loc":{"start":{"line":11,"column":52},"end":{"line":16,"column":3}},"line":11},"2":{"name":"(anonymous_2)","decl":{"start":{"line":18,"column":2},"end":{"line":18,"column":3}},"loc":{"start":{"line":18,"column":44},"end":{"line":20,"column":3}},"line":18},"3":{"name":"(anonymous_3)","decl":{"start":{"line":22,"column":2},"end":{"line":22,"column":3}},"loc":{"start":{"line":22,"column":53},"end":{"line":24,"column":3}},"line":22},"4":{"name":"(anonymous_4)","decl":{"start":{"line":23,"column":29},"end":{"line":23,"column":30}},"loc":{"start":{"line":23,"column":41},"end":{"line":23,"column":57}},"line":23},"5":{"name":"(anonymous_5)","decl":{"start":{"line":26,"column":2},"end":{"line":26,"column":3}},"loc":{"start":{"line":26,"column":37},"end":{"line":28,"column":3}},"line":26},"6":{"name":"(anonymous_6)","decl":{"start":{"line":30,"column":2},"end":{"line":30,"column":3}},"loc":{"start":{"line":30,"column":56},"end":{"line":32,"column":3}},"line":30},"7":{"name":"(anonymous_7)","decl":{"start":{"line":31,"column":31},"end":{"line":31,"column":32}},"loc":{"start":{"line":31,"column":43},"end":{"line":31,"column":68}},"line":31},"8":{"name":"(anonymous_8)","decl":{"start":{"line":34,"column":2},"end":{"line":34,"column":3}},"loc":{"start":{"line":34,"column":46},"end":{"line":39,"column":3}},"line":34},"9":{"name":"(anonymous_9)","decl":{"start":{"line":35,"column":41},"end":{"line":35,"column":42}},"loc":{"start":{"line":35,"column":48},"end":{"line":35,"column":66}},"line":35},"10":{"name":"(anonymous_10)","decl":{"start":{"line":41,"column":2},"end":{"line":41,"column":3}},"loc":{"start":{"line":41,"column":42},"end":{"line":43,"column":3}},"line":41},"11":{"name":"(anonymous_11)","decl":{"start":{"line":42,"column":39},"end":{"line":42,"column":40}},"loc":{"start":{"line":42,"column":51},"end":{"line":42,"column":67}},"line":42},"12":{"name":"(anonymous_12)","decl":{"start":{"line":45,"column":2},"end":{"line":45,"column":3}},"loc":{"start":{"line":45,"column":23},"end":{"line":47,"column":3}},"line":45}},"branchMap":{"0":{"loc":{"start":{"line":12,"column":4},"end":{"line":14,"column":5}},"type":"if","locations":[{"start":{"line":12,"column":4},"end":{"line":14,"column":5}},{"start":{},"end":{}}],"line":12},"1":{"loc":{"start":{"line":23,"column":11},"end":{"line":23,"column":66}},"type":"binary-expr","locations":[{"start":{"line":23,"column":11},"end":{"line":23,"column":58}},{"start":{"line":23,"column":62},"end":{"line":23,"column":66}}],"line":23},"2":{"loc":{"start":{"line":36,"column":4},"end":{"line":38,"column":5}},"type":"if","locations":[{"start":{"line":36,"column":4},"end":{"line":38,"column":5}},{"start":{},"end":{}}],"line":36}},"s":{"0":8,"1":8,"2":4,"3":8,"4":7,"5":9,"6":8,"7":2,"8":0,"9":0,"10":3,"11":3,"12":3,"13":2,"14":1,"15":1,"16":2},"f":{"0":8,"1":8,"2":7,"3":9,"4":8,"5":2,"6":0,"7":0,"8":3,"9":3,"10":1,"11":1,"12":2},"b":{"0":[4,4],"1":[9,4],"2":[2,1]},"_coverageSchema":"1a1c01bbd47fc00a2c39e90264f33305004495a9","hash":"f63c04d060dcecd5f0c598382f919af21fd0fdc2"}
,"C:\\Users\\maria\\coreturismo2025\\appturismo\\src\\core\\infra\\repositories\\MockUserRepository.ts": {"path":"C:\\Users\\maria\\coreturismo2025\\appturismo\\src\\core\\infra\\repositories\\MockUserRepository.ts","statementMap":{"0":{"start":{"line":6,"column":26},"end":{"line":6,"column":28}},"1":{"start":{"line":11,"column":4},"end":{"line":13,"column":5}},"2":{"start":{"line":12,"column":6},"end":{"line":12,"column":61}},"3":{"start":{"line":14,"column":4},"end":{"line":14,"column":39}},"4":{"start":{"line":18,"column":4},"end":{"line":18,"column":26}},"5":{"start":{"line":22,"column":4},"end":{"line":22,"column":71}},"6":{"start":{"line":22,"column":35},"end":{"line":22,"column":61}},"7":{"start":{"line":26,"column":4},"end":{"line":26,"column":59}},"8":{"start":{"line":26,"column":35},"end":{"line":26,"column":49}},"9":{"start":{"line":30,"column":4},"end":{"line":30,"column":20}}},"fnMap":{"0":{"name":"(anonymous_0)","decl":{"start":{"line":8,"column":2},"end":{"line":8,"column":3}},"loc":{"start":{"line":8,"column":24},"end":{"line":8,"column":26}},"line":8},"1":{"name":"(anonymous_1)","decl":{"start":{"line":10,"column":2},"end":{"line":10,"column":3}},"loc":{"start":{"line":10,"column":50},"end":{"line":15,"column":3}},"line":10},"2":{"name":"(anonymous_2)","decl":{"start":{"line":17,"column":2},"end":{"line":17,"column":3}},"loc":{"start":{"line":17,"column":40},"end":{"line":19,"column":3}},"line":17},"3":{"name":"(anonymous_3)","decl":{"start":{"line":21,"column":2},"end":{"line":21,"column":3}},"loc":{"start":{"line":21,"column":57},"end":{"line":23,"column":3}},"line":21},"4":{"name":"(anonymous_4)","decl":{"start":{"line":22,"column":27},"end":{"line":22,"column":28}},"loc":{"start":{"line":22,"column":35},"end":{"line":22,"column":61}},"line":22},"5":{"name":"(anonymous_5)","decl":{"start":{"line":25,"column":2},"end":{"line":25,"column":3}},"loc":{"start":{"line":25,"column":51},"end":{"line":27,"column":3}},"line":25},"6":{"name":"(anonymous_6)","decl":{"start":{"line":26,"column":27},"end":{"line":26,"column":28}},"loc":{"start":{"line":26,"column":35},"end":{"line":26,"column":49}},"line":26},"7":{"name":"(anonymous_7)","decl":{"start":{"line":29,"column":2},"end":{"line":29,"column":3}},"loc":{"start":{"line":29,"column":23},"end":{"line":31,"column":3}},"line":29}},"branchMap":{"0":{"loc":{"start":{"line":11,"column":4},"end":{"line":13,"column":5}},"type":"if","locations":[{"start":{"line":11,"column":4},"end":{"line":13,"column":5}},{"start":{},"end":{}}],"line":11},"1":{"loc":{"start":{"line":22,"column":11},"end":{"line":22,"column":70}},"type":"binary-expr","locations":[{"start":{"line":22,"column":11},"end":{"line":22,"column":62}},{"start":{"line":22,"column":66},"end":{"line":22,"column":70}}],"line":22},"2":{"loc":{"start":{"line":26,"column":11},"end":{"line":26,"column":58}},"type":"binary-expr","locations":[{"start":{"line":26,"column":11},"end":{"line":26,"column":50}},{"start":{"line":26,"column":54},"end":{"line":26,"column":58}}],"line":26}},"s":{"0":7,"1":25,"2":5,"3":25,"4":7,"5":14,"6":6,"7":3,"8":2,"9":8},"f":{"0":7,"1":25,"2":7,"3":14,"4":6,"5":3,"6":2,"7":8},"b":{"0":[5,20],"1":[14,8],"2":[3,1]},"_coverageSchema":"1a1c01bbd47fc00a2c39e90264f33305004495a9","hash":"4c32c7992701f3c9459890794555dace52fc183f"}
,"C:\\Users\\maria\\coreturismo2025\\appturismo\\src\\screens\\Login\\index.tsx": {"path":"C:\\Users\\maria\\coreturismo2025\\appturismo\\src\\screens\\Login\\index.tsx","statementMap":{"0":{"start":{"line":12,"column":26},"end":{"line":12,"column":35}},"1":{"start":{"line":13,"column":28},"end":{"line":13,"column":40}},"2":{"start":{"line":14,"column":34},"end":{"line":14,"column":46}},"3":{"start":{"line":15,"column":32},"end":{"line":15,"column":47}},"4":{"start":{"line":16,"column":28},"end":{"line":16,"column":57}},"5":{"start":{"line":19,"column":4},"end":{"line":19,"column":21}},"6":{"start":{"line":20,"column":4},"end":{"line":20,"column":19}},"7":{"start":{"line":21,"column":4},"end":{"line":27,"column":5}},"8":{"start":{"line":22,"column":6},"end":{"line":22,"column":45}},"9":{"start":{"line":24,"column":6},"end":{"line":24,"column":40}},"10":{"start":{"line":26,"column":6},"end":{"line":26,"column":24}},"11":{"start":{"line":30,"column":2},"end":{"line":64,"column":4}},"12":{"start":{"line":61,"column":77},"end":{"line":61,"column":108}}},"fnMap":{"0":{"name":"LoginScreen","decl":{"start":{"line":11,"column":16},"end":{"line":11,"column":27}},"loc":{"start":{"line":11,"column":56},"end":{"line":65,"column":1}},"line":11},"1":{"name":"login","decl":{"start":{"line":18,"column":17},"end":{"line":18,"column":22}},"loc":{"start":{"line":18,"column":25},"end":{"line":28,"column":3}},"line":18},"2":{"name":"(anonymous_2)","decl":{"start":{"line":61,"column":71},"end":{"line":61,"column":72}},"loc":{"start":{"line":61,"column":77},"end":{"line":61,"column":108}},"line":61}},"branchMap":{"0":{"loc":{"start":{"line":32,"column":71},"end":{"line":32,"column":102}},"type":"cond-expr","locations":[{"start":{"line":32,"column":95},"end":{"line":32,"column":98}},{"start":{"line":32,"column":101},"end":{"line":32,"column":102}}],"line":32},"1":{"loc":{"start":{"line":60,"column":9},"end":{"line":60,"column":63}},"type":"binary-expr","locations":[{"start":{"line":60,"column":9},"end":{"line":60,"column":14}},{"start":{"line":60,"column":18},"end":{"line":60,"column":63}}],"line":60}},"s":{"0":5,"1":5,"2":5,"3":5,"4":5,"5":1,"6":1,"7":1,"8":1,"9":0,"10":1,"11":5,"12":0},"f":{"0":5,"1":1,"2":0},"b":{"0":[5,0],"1":[5,0]},"_coverageSchema":"1a1c01bbd47fc00a2c39e90264f33305004495a9","hash":"e843a9b4ec1cfb13a6337936407261e194dc1417"}
,"C:\\Users\\maria\\coreturismo2025\\appturismo\\src\\screens\\Login\\styles.ts": {"path":"C:\\Users\\maria\\coreturismo2025\\appturismo\\src\\screens\\Login\\styles.ts","statementMap":{"0":{"start":{"line":3,"column":22},"end":{"line":35,"column":2}}},"fnMap":{},"branchMap":{},"s":{"0":1},"f":{},"b":{},"_coverageSchema":"1a1c01bbd47fc00a2c39e90264f33305004495a9","hash":"b99de3d4cdeab489f0ca646bc513299aef0eb0e4"}
,"C:\\Users\\maria\\coreturismo2025\\appturismo\\src\\screens\\Register\\index.tsx": {"path":"C:\\Users\\maria\\coreturismo2025\\appturismo\\src\\screens\\Register\\index.tsx","statementMap":{"0":{"start":{"line":12,"column":26},"end":{"line":12,"column":38}},"1":{"start":{"line":13,"column":28},"end":{"line":13,"column":40}},"2":{"start":{"line":14,"column":34},"end":{"line":14,"column":46}},"3":{"start":{"line":15,"column":32},"end":{"line":15,"column":47}},"4":{"start":{"line":16,"column":28},"end":{"line":16,"column":57}},"5":{"start":{"line":17,"column":23},"end":{"line":17,"column":41}},"6":{"start":{"line":20,"column":4},"end":{"line":20,"column":21}},"7":{"start":{"line":21,"column":4},"end":{"line":21,"column":19}},"8":{"start":{"line":22,"column":4},"end":{"line":36,"column":5}},"9":{"start":{"line":23,"column":6},"end":{"line":29,"column":9}},"10":{"start":{"line":30,"column":6},"end":{"line":30,"column":65}},"11":{"start":{"line":31,"column":6},"end":{"line":31,"column":35}},"12":{"start":{"line":33,"column":6},"end":{"line":33,"column":45}},"13":{"start":{"line":35,"column":6},"end":{"line":35,"column":24}},"14":{"start":{"line":39,"column":2},"end":{"line":81,"column":4}},"15":{"start":{"line":78,"column":70},"end":{"line":78,"column":98}}},"fnMap":{"0":{"name":"RegisterScreen","decl":{"start":{"line":11,"column":16},"end":{"line":11,"column":30}},"loc":{"start":{"line":11,"column":59},"end":{"line":82,"column":1}},"line":11},"1":{"name":"handleRegister","decl":{"start":{"line":19,"column":17},"end":{"line":19,"column":31}},"loc":{"start":{"line":19,"column":34},"end":{"line":37,"column":3}},"line":19},"2":{"name":"(anonymous_2)","decl":{"start":{"line":78,"column":64},"end":{"line":78,"column":65}},"loc":{"start":{"line":78,"column":70},"end":{"line":78,"column":98}},"line":78}},"branchMap":{"0":{"loc":{"start":{"line":41,"column":71},"end":{"line":41,"column":102}},"type":"cond-expr","locations":[{"start":{"line":41,"column":95},"end":{"line":41,"column":98}},{"start":{"line":41,"column":101},"end":{"line":41,"column":102}}],"line":41}},"s":{"0":6,"1":6,"2":6,"3":6,"4":6,"5":6,"6":1,"7":1,"8":1,"9":1,"10":1,"11":1,"12":0,"13":1,"14":6,"15":0},"f":{"0":6,"1":1,"2":0},"b":{"0":[6,0]},"_coverageSchema":"1a1c01bbd47fc00a2c39e90264f33305004495a9","hash":"f88cb7be8503666e0ddd080da23cc644de646c32"}
,"C:\\Users\\maria\\coreturismo2025\\appturismo\\src\\screens\\Register\\styles.ts": {"path":"C:\\Users\\maria\\coreturismo2025\\appturismo\\src\\screens\\Register\\styles.ts","statementMap":{"0":{"start":{"line":3,"column":22},"end":{"line":36,"column":2}}},"fnMap":{},"branchMap":{},"s":{"0":1},"f":{},"b":{},"_coverageSchema":"1a1c01bbd47fc00a2c39e90264f33305004495a9","hash":"618376651db9a53deccea827baf0f00996e1b326"}
,"C:\\Users\\maria\\coreturismo2025\\appturismo\\src\\styles\\colors.ts": {"path":"C:\\Users\\maria\\coreturismo2025\\appturismo\\src\\styles\\colors.ts","statementMap":{"0":{"start":{"line":1,"column":22},"end":{"line":8,"column":1}}},"fnMap":{},"branchMap":{},"s":{"0":1},"f":{},"b":{},"_coverageSchema":"1a1c01bbd47fc00a2c39e90264f33305004495a9","hash":"a0fd1fc09111a4f761d2748ec52d130512da8912"}
}
