TN:
SF:src/components/ButtonInterface/index.tsx
FN:7,ButtonInterface
FNF:1
FNH:1
FNDA:22,ButtonInterface
DA:8,22
LF:1
LH:1
BRDA:10,0,0,11
BRDA:10,0,1,11
BRDA:11,1,0,11
BRDA:11,1,1,0
BRF:4
BRH:3
end_of_record
TN:
SF:src/components/ButtonInterface/styles.ts
FNF:0
FNH:0
DA:4,1
LF:1
LH:1
BRF:0
BRH:0
end_of_record
TN:
SF:src/context/auth.tsx
FN:18,(anonymous_0)
FN:23,(anonymous_1)
FN:42,useAuth
FNF:3
FNH:3
FNDA:2,(anonymous_0)
FNDA:1,(anonymous_1)
FNDA:5,useAuth
DA:16,2
DA:18,2
DA:19,2
DA:20,2
DA:21,2
DA:23,2
DA:24,1
DA:25,1
DA:26,1
DA:27,1
DA:29,0
DA:31,0
DA:35,2
DA:43,5
DA:44,5
DA:45,0
DA:47,5
LF:17
LH:14
BRDA:44,0,0,0
BRDA:44,0,1,5
BRF:2
BRH:1
end_of_record
TN:
SF:src/core/domain/entities/Travel.ts
FN:6,(anonymous_0)
FN:16,(anonymous_1)
FNF:2
FNH:2
FNDA:11,(anonymous_0)
FNDA:11,(anonymous_1)
DA:25,11
LF:1
LH:1
BRF:0
BRH:0
end_of_record
TN:
SF:src/core/domain/entities/User.ts
FN:7,(anonymous_0)
FN:15,(anonymous_1)
FNF:2
FNH:2
FNDA:17,(anonymous_0)
FNDA:17,(anonymous_1)
DA:22,17
LF:1
LH:1
BRF:0
BRH:0
end_of_record
TN:
SF:src/core/domain/use-cases/DeleteTravel.ts
FN:4,(anonymous_0)
FN:6,(anonymous_1)
FNF:2
FNH:2
FNDA:7,(anonymous_0)
FNDA:2,(anonymous_1)
DA:7,2
DA:9,2
DA:11,2
DA:12,1
DA:15,1
LF:5
LH:5
BRDA:11,0,0,1
BRDA:11,0,1,1
BRF:2
BRH:2
end_of_record
TN:
SF:src/core/domain/use-cases/FindAllTravel.ts
FN:5,(anonymous_0)
FN:7,(anonymous_1)
FNF:2
FNH:2
FNDA:7,(anonymous_0)
FNDA:2,(anonymous_1)
DA:8,2
LF:1
LH:1
BRF:0
BRH:0
end_of_record
TN:
SF:src/core/domain/use-cases/FindTravel.ts
FN:5,(anonymous_0)
FN:7,(anonymous_1)
FNF:2
FNH:2
FNDA:7,(anonymous_0)
FNDA:2,(anonymous_1)
DA:8,2
LF:1
LH:1
BRF:0
BRH:0
end_of_record
TN:
SF:src/core/domain/use-cases/FindUser.ts
FN:5,(anonymous_0)
FN:7,(anonymous_1)
FNF:2
FNH:2
FNDA:11,(anonymous_0)
FNDA:2,(anonymous_1)
DA:8,2
LF:1
LH:1
BRF:0
BRH:0
end_of_record
TN:
SF:src/core/domain/use-cases/LoginUser.ts
FN:6,(anonymous_0)
FN:8,(anonymous_1)
FN:32,(anonymous_2)
FNF:3
FNH:3
FNDA:12,(anonymous_0)
FNDA:4,(anonymous_1)
FNDA:3,(anonymous_2)
DA:12,4
DA:14,4
DA:16,4
DA:17,1
DA:20,3
DA:25,3
DA:26,1
DA:29,2
DA:36,3
LF:9
LH:9
BRDA:16,0,0,1
BRDA:16,0,1,3
BRDA:25,1,0,1
BRDA:25,1,1,2
BRF:4
BRH:4
end_of_record
TN:
SF:src/core/domain/use-cases/LogoutUser.ts
FN:2,(anonymous_0)
FN:4,(anonymous_1)
FNF:2
FNH:2
FNDA:10,(anonymous_0)
FNDA:1,(anonymous_1)
DA:7,1
LF:1
LH:1
BRF:0
BRH:0
end_of_record
TN:
SF:src/core/domain/use-cases/RegisterTravel.ts
FN:8,(anonymous_0)
FN:10,(anonymous_1)
FNF:2
FNH:2
FNDA:9,(anonymous_0)
FNDA:5,(anonymous_1)
DA:19,5
DA:21,5
DA:22,5
DA:24,5
DA:34,5
DA:36,5
LF:6
LH:6
BRDA:22,0,0,5
BRDA:22,0,1,0
BRF:2
BRH:1
end_of_record
TN:
SF:src/core/domain/use-cases/RegisterUser.ts
FN:9,(anonymous_0)
FN:11,(anonymous_1)
FN:41,(anonymous_2)
FNF:3
FNH:3
FNDA:14,(anonymous_0)
FNDA:7,(anonymous_1)
FNDA:6,(anonymous_2)
DA:18,7
DA:20,7
DA:22,7
DA:23,1
DA:26,6
DA:28,6
DA:36,6
DA:38,6
DA:42,6
LF:9
LH:9
BRDA:22,0,0,1
BRDA:22,0,1,6
BRF:2
BRH:2
end_of_record
TN:
SF:src/core/domain/use-cases/UpdateTravel.ts
FN:8,(anonymous_0)
FN:10,(anonymous_1)
FNF:2
FNH:2
FNDA:8,(anonymous_0)
FNDA:3,(anonymous_1)
DA:19,3
DA:21,3
DA:23,3
DA:24,1
DA:27,2
DA:28,2
DA:29,2
DA:30,2
DA:33,2
DA:34,2
DA:36,2
DA:46,2
DA:48,2
LF:13
LH:13
BRDA:23,0,0,1
BRDA:23,0,1,2
BRDA:27,1,0,2
BRDA:27,1,1,1
BRDA:28,2,0,2
BRDA:28,2,1,1
BRDA:29,3,0,2
BRDA:29,3,1,2
BRDA:30,4,0,0
BRDA:30,4,1,2
BRDA:33,5,0,2
BRDA:33,5,1,2
BRDA:34,6,0,1
BRDA:34,6,1,1
BRF:14
BRH:13
end_of_record
TN:
SF:src/core/domain/value-objects/Email.ts
FN:2,(anonymous_0)
FN:4,(anonymous_1)
FN:11,(anonymous_2)
FNF:3
FNH:3
FNDA:18,(anonymous_0)
FNDA:19,(anonymous_1)
FNDA:19,(anonymous_2)
DA:5,19
DA:6,1
DA:8,18
DA:12,19
DA:13,19
LF:5
LH:5
BRDA:5,0,0,1
BRDA:5,0,1,18
BRF:2
BRH:2
end_of_record
TN:
SF:src/core/domain/value-objects/GeoCoordinates.ts
FN:2,(anonymous_0)
FN:4,(anonymous_1)
FN:11,(anonymous_2)
FNF:3
FNH:3
FNDA:27,(anonymous_0)
FNDA:30,(anonymous_1)
FNDA:30,(anonymous_2)
DA:5,30
DA:6,3
DA:8,27
DA:12,30
LF:4
LH:4
BRDA:5,0,0,3
BRDA:5,0,1,27
BRDA:12,1,0,30
BRDA:12,1,1,30
BRDA:12,1,2,28
BRDA:12,1,3,28
BRF:6
BRH:6
end_of_record
TN:
SF:src/core/domain/value-objects/Name.ts
FN:2,(anonymous_0)
FN:4,(anonymous_1)
FN:11,(anonymous_2)
FNF:3
FNH:3
FNDA:18,(anonymous_0)
FNDA:19,(anonymous_1)
FNDA:19,(anonymous_2)
DA:5,19
DA:6,1
DA:8,18
DA:12,19
LF:4
LH:4
BRDA:5,0,0,1
BRDA:5,0,1,18
BRF:2
BRH:2
end_of_record
TN:
SF:src/core/domain/value-objects/Password.ts
FN:2,(anonymous_0)
FN:4,(anonymous_1)
FN:11,(anonymous_2)
FNF:3
FNH:3
FNDA:18,(anonymous_0)
FNDA:19,(anonymous_1)
FNDA:19,(anonymous_2)
DA:5,19
DA:6,1
DA:8,18
DA:12,19
LF:4
LH:4
BRDA:5,0,0,1
BRDA:5,0,1,18
BRF:2
BRH:2
end_of_record
TN:
SF:src/core/domain/value-objects/Photo.ts
FN:2,(anonymous_0)
FN:4,(anonymous_1)
FN:11,(anonymous_2)
FNF:3
FNH:3
FNDA:11,(anonymous_0)
FNDA:13,(anonymous_1)
FNDA:13,(anonymous_2)
DA:5,13
DA:6,2
DA:8,11
DA:12,13
DA:13,13
DA:14,11
DA:16,2
LF:7
LH:7
BRDA:5,0,0,2
BRDA:5,0,1,11
BRF:2
BRH:2
end_of_record
TN:
SF:src/core/factories/makeTraveUsecases.ts
FN:10,makeTravelUseCases
FNF:1
FNH:1
FNDA:5,makeTravelUseCases
DA:11,5
DA:13,5
DA:14,5
DA:15,5
DA:16,5
DA:17,5
DA:19,5
LF:7
LH:7
BRF:0
BRH:0
end_of_record
TN:
SF:src/core/factories/makeUserUsecases.ts
FN:9,makeUserUseCases
FNF:1
FNH:1
FNDA:9,makeUserUseCases
DA:10,9
DA:12,9
DA:13,9
DA:14,9
DA:16,9
DA:18,9
LF:6
LH:6
BRF:0
BRH:0
end_of_record
TN:
SF:src/core/infra/repositories/MockTravelRepository.ts
FN:9,(anonymous_0)
FN:11,(anonymous_1)
FN:18,(anonymous_2)
FN:22,(anonymous_3)
FN:23,(anonymous_4)
FN:26,(anonymous_5)
FN:30,(anonymous_6)
FN:31,(anonymous_7)
FN:34,(anonymous_8)
FN:35,(anonymous_9)
FN:41,(anonymous_10)
FN:42,(anonymous_11)
FN:45,(anonymous_12)
FNF:13
FNH:11
FNDA:9,(anonymous_0)
FNDA:13,(anonymous_1)
FNDA:7,(anonymous_2)
FNDA:9,(anonymous_3)
FNDA:8,(anonymous_4)
FNDA:2,(anonymous_5)
FNDA:0,(anonymous_6)
FNDA:0,(anonymous_7)
FNDA:3,(anonymous_8)
FNDA:3,(anonymous_9)
FNDA:1,(anonymous_10)
FNDA:1,(anonymous_11)
FNDA:3,(anonymous_12)
DA:7,9
DA:12,13
DA:13,5
DA:15,13
DA:19,7
DA:23,9
DA:27,2
DA:31,0
DA:35,3
DA:36,3
DA:37,2
DA:42,1
DA:46,3
LF:13
LH:12
BRDA:12,0,0,5
BRDA:12,0,1,8
BRDA:23,1,0,9
BRDA:23,1,1,4
BRDA:36,2,0,2
BRDA:36,2,1,1
BRF:6
BRH:6
end_of_record
TN:
SF:src/core/infra/repositories/MockUserRepository.ts
FN:8,(anonymous_0)
FN:10,(anonymous_1)
FN:17,(anonymous_2)
FN:21,(anonymous_3)
FN:22,(anonymous_4)
FN:25,(anonymous_5)
FN:26,(anonymous_6)
FN:29,(anonymous_7)
FNF:8
FNH:8
FNDA:7,(anonymous_0)
FNDA:25,(anonymous_1)
FNDA:7,(anonymous_2)
FNDA:14,(anonymous_3)
FNDA:6,(anonymous_4)
FNDA:3,(anonymous_5)
FNDA:2,(anonymous_6)
FNDA:8,(anonymous_7)
DA:6,7
DA:11,25
DA:12,5
DA:14,25
DA:18,7
DA:22,14
DA:26,3
DA:30,8
LF:8
LH:8
BRDA:11,0,0,5
BRDA:11,0,1,20
BRDA:22,1,0,14
BRDA:22,1,1,8
BRDA:26,2,0,3
BRDA:26,2,1,1
BRF:6
BRH:6
end_of_record
TN:
SF:src/screens/Forms/index.tsx
FN:19,FormsScreen
FN:29,handleRegister
FN:89,(anonymous_2)
FN:101,(anonymous_3)
FNF:4
FNH:3
FNDA:4,FormsScreen
FNDA:1,handleRegister
FNDA:1,(anonymous_2)
FNDA:0,(anonymous_3)
DA:20,4
DA:21,4
DA:22,4
DA:23,4
DA:24,4
DA:25,4
DA:27,4
DA:30,1
DA:31,1
DA:32,1
DA:35,0
DA:36,0
DA:52,0
DA:53,0
DA:55,0
DA:59,4
DA:89,1
DA:102,0
DA:103,0
LF:19
LH:12
BRDA:30,0,0,1
BRDA:30,0,1,0
BRDA:30,1,0,1
BRDA:30,1,1,1
BRDA:30,1,2,1
BRDA:39,2,0,0
BRDA:39,2,1,0
BRDA:62,3,0,4
BRDA:62,3,1,0
BRDA:91,4,0,0
BRDA:91,4,1,4
BRDA:92,5,0,0
BRDA:92,5,1,4
BRDA:96,6,0,4
BRDA:96,6,1,3
BRDA:98,7,0,3
BRDA:98,7,1,3
BRDA:103,8,0,0
BRDA:103,8,1,0
BRF:19
BRH:11
end_of_record
TN:
SF:src/screens/Forms/styles.ts
FNF:0
FNH:0
LF:0
LH:0
BRF:0
BRH:0
end_of_record
TN:
SF:src/screens/Login/index.tsx
FN:11,LoginScreen
FN:18,login
FN:61,(anonymous_2)
FNF:3
FNH:2
FNDA:5,LoginScreen
FNDA:1,login
FNDA:0,(anonymous_2)
DA:12,5
DA:13,5
DA:14,5
DA:15,5
DA:16,5
DA:19,1
DA:20,1
DA:21,1
DA:22,1
DA:24,0
DA:26,1
DA:30,5
DA:61,0
LF:13
LH:11
BRDA:32,0,0,5
BRDA:32,0,1,0
BRDA:60,1,0,5
BRDA:60,1,1,0
BRF:4
BRH:2
end_of_record
TN:
SF:src/screens/Login/styles.ts
FNF:0
FNH:0
DA:3,1
LF:1
LH:1
BRF:0
BRH:0
end_of_record
TN:
SF:src/screens/Register/index.tsx
FN:11,RegisterScreen
FN:19,handleRegister
FN:78,(anonymous_2)
FNF:3
FNH:2
FNDA:6,RegisterScreen
FNDA:1,handleRegister
FNDA:0,(anonymous_2)
DA:12,6
DA:13,6
DA:14,6
DA:15,6
DA:16,6
DA:17,6
DA:20,1
DA:21,1
DA:22,1
DA:23,1
DA:30,1
DA:31,1
DA:33,0
DA:35,1
DA:39,6
DA:78,0
LF:16
LH:14
BRDA:41,0,0,6
BRDA:41,0,1,0
BRF:2
BRH:1
end_of_record
TN:
SF:src/screens/Register/styles.ts
FNF:0
FNH:0
DA:3,1
LF:1
LH:1
BRF:0
BRH:0
end_of_record
TN:
SF:src/styles/colors.ts
FNF:0
FNH:0
DA:1,2
LF:1
LH:1
BRF:0
BRH:0
end_of_record
