TN:
SF:src/components/ButtonInterface/index.tsx
FN:7,ButtonInterface
FNF:1
FNH:1
FNDA:22,ButtonInterface
DA:8,22
LF:1
LH:1
BRDA:10,0,0,11
BRDA:10,0,1,11
BRDA:11,1,0,11
BRDA:11,1,1,0
BRF:4
BRH:3
end_of_record
TN:
SF:src/components/ButtonInterface/styles.ts
FNF:0
FNH:0
DA:4,1
LF:1
LH:1
BRF:0
BRH:0
end_of_record
TN:
SF:src/context/auth.tsx
FN:18,(anonymous_0)
FN:23,(anonymous_1)
FN:42,useAuth
FNF:3
FNH:3
FNDA:2,(anonymous_0)
FNDA:1,(anonymous_1)
FNDA:5,useAuth
DA:16,1
DA:18,1
DA:19,2
DA:20,2
DA:21,2
DA:23,2
DA:24,1
DA:25,1
DA:26,1
DA:27,1
DA:29,0
DA:31,0
DA:35,2
DA:43,5
DA:44,5
DA:45,0
DA:47,5
LF:17
LH:14
BRDA:44,0,0,0
BRDA:44,0,1,5
BRF:2
BRH:1
end_of_record
TN:
SF:src/core/domain/entities/Travel.ts
FN:6,(anonymous_0)
FN:16,(anonymous_1)
FNF:2
FNH:2
FNDA:9,(anonymous_0)
FNDA:9,(anonymous_1)
DA:25,9
LF:1
LH:1
BRF:0
BRH:0
end_of_record
TN:
SF:src/core/domain/entities/User.ts
FN:7,(anonymous_0)
FN:15,(anonymous_1)
FNF:2
FNH:2
FNDA:15,(anonymous_0)
FNDA:15,(anonymous_1)
DA:22,15
LF:1
LH:1
BRF:0
BRH:0
end_of_record
TN:
SF:src/core/domain/use-cases/DeleteTravel.ts
FN:4,(anonymous_0)
FN:6,(anonymous_1)
FNF:2
FNH:2
FNDA:3,(anonymous_0)
FNDA:2,(anonymous_1)
DA:7,2
DA:9,2
DA:11,2
DA:12,1
DA:15,1
LF:5
LH:5
BRDA:11,0,0,1
BRDA:11,0,1,1
BRF:2
BRH:2
end_of_record
TN:
SF:src/core/domain/use-cases/FindTravel.ts
FN:5,(anonymous_0)
FN:7,(anonymous_1)
FNF:2
FNH:2
FNDA:3,(anonymous_0)
FNDA:2,(anonymous_1)
DA:8,2
LF:1
LH:1
BRF:0
BRH:0
end_of_record
TN:
SF:src/core/domain/use-cases/FindUser.ts
FN:5,(anonymous_0)
FN:7,(anonymous_1)
FNF:2
FNH:2
FNDA:11,(anonymous_0)
FNDA:2,(anonymous_1)
DA:8,2
LF:1
LH:1
BRF:0
BRH:0
end_of_record
TN:
SF:src/core/domain/use-cases/LoginUser.ts
FN:6,(anonymous_0)
FN:8,(anonymous_1)
FN:32,(anonymous_2)
FNF:3
FNH:3
FNDA:12,(anonymous_0)
FNDA:4,(anonymous_1)
FNDA:3,(anonymous_2)
DA:12,4
DA:14,4
DA:16,4
DA:17,1
DA:20,3
DA:25,3
DA:26,1
DA:29,2
DA:36,3
LF:9
LH:9
BRDA:16,0,0,1
BRDA:16,0,1,3
BRDA:25,1,0,1
BRDA:25,1,1,2
BRF:4
BRH:4
end_of_record
TN:
SF:src/core/domain/use-cases/LogoutUser.ts
FN:2,(anonymous_0)
FN:4,(anonymous_1)
FNF:2
FNH:2
FNDA:10,(anonymous_0)
FNDA:1,(anonymous_1)
DA:7,1
LF:1
LH:1
BRF:0
BRH:0
end_of_record
TN:
SF:src/core/domain/use-cases/RegisterTravel.ts
FN:8,(anonymous_0)
FN:10,(anonymous_1)
FNF:2
FNH:2
FNDA:4,(anonymous_0)
FNDA:3,(anonymous_1)
DA:19,3
DA:21,3
DA:22,3
DA:24,3
DA:34,3
DA:36,3
LF:6
LH:6
BRDA:22,0,0,3
BRDA:22,0,1,0
BRF:2
BRH:1
end_of_record
TN:
SF:src/core/domain/use-cases/RegisterUser.ts
FN:9,(anonymous_0)
FN:11,(anonymous_1)
FN:41,(anonymous_2)
FNF:3
FNH:3
FNDA:14,(anonymous_0)
FNDA:7,(anonymous_1)
FNDA:6,(anonymous_2)
DA:18,7
DA:20,7
DA:22,7
DA:23,1
DA:26,6
DA:28,6
DA:36,6
DA:38,6
DA:42,6
LF:9
LH:9
BRDA:22,0,0,1
BRDA:22,0,1,6
BRF:2
BRH:2
end_of_record
TN:
SF:src/core/domain/use-cases/UpdateTravel.ts
FN:8,(anonymous_0)
FN:10,(anonymous_1)
FNF:2
FNH:2
FNDA:4,(anonymous_0)
FNDA:3,(anonymous_1)
DA:19,3
DA:21,3
DA:23,3
DA:24,1
DA:27,2
DA:28,2
DA:29,2
DA:30,2
DA:33,2
DA:34,2
DA:36,2
DA:46,2
DA:48,2
LF:13
LH:13
BRDA:23,0,0,1
BRDA:23,0,1,2
BRDA:27,1,0,2
BRDA:27,1,1,1
BRDA:28,2,0,2
BRDA:28,2,1,1
BRDA:29,3,0,2
BRDA:29,3,1,2
BRDA:30,4,0,0
BRDA:30,4,1,2
BRDA:33,5,0,2
BRDA:33,5,1,2
BRDA:34,6,0,1
BRDA:34,6,1,1
BRF:14
BRH:13
end_of_record
TN:
SF:src/core/domain/value-objects/Email.ts
FN:2,(anonymous_0)
FN:4,(anonymous_1)
FN:11,(anonymous_2)
FNF:3
FNH:3
FNDA:16,(anonymous_0)
FNDA:17,(anonymous_1)
FNDA:17,(anonymous_2)
DA:5,17
DA:6,1
DA:8,16
DA:12,17
DA:13,17
LF:5
LH:5
BRDA:5,0,0,1
BRDA:5,0,1,16
BRF:2
BRH:2
end_of_record
TN:
SF:src/core/domain/value-objects/GeoCoordinates.ts
FN:2,(anonymous_0)
FN:4,(anonymous_1)
FN:11,(anonymous_2)
FNF:3
FNH:3
FNDA:23,(anonymous_0)
FNDA:26,(anonymous_1)
FNDA:26,(anonymous_2)
DA:5,26
DA:6,3
DA:8,23
DA:12,26
LF:4
LH:4
BRDA:5,0,0,3
BRDA:5,0,1,23
BRDA:12,1,0,26
BRDA:12,1,1,26
BRDA:12,1,2,24
BRDA:12,1,3,24
BRF:6
BRH:6
end_of_record
TN:
SF:src/core/domain/value-objects/Name.ts
FN:2,(anonymous_0)
FN:4,(anonymous_1)
FN:11,(anonymous_2)
FNF:3
FNH:3
FNDA:16,(anonymous_0)
FNDA:17,(anonymous_1)
FNDA:17,(anonymous_2)
DA:5,17
DA:6,1
DA:8,16
DA:12,17
LF:4
LH:4
BRDA:5,0,0,1
BRDA:5,0,1,16
BRF:2
BRH:2
end_of_record
TN:
SF:src/core/domain/value-objects/Password.ts
FN:2,(anonymous_0)
FN:4,(anonymous_1)
FN:11,(anonymous_2)
FNF:3
FNH:3
FNDA:16,(anonymous_0)
FNDA:17,(anonymous_1)
FNDA:17,(anonymous_2)
DA:5,17
DA:6,1
DA:8,16
DA:12,17
LF:4
LH:4
BRDA:5,0,0,1
BRDA:5,0,1,16
BRF:2
BRH:2
end_of_record
TN:
SF:src/core/domain/value-objects/Photo.ts
FN:2,(anonymous_0)
FN:4,(anonymous_1)
FN:11,(anonymous_2)
FNF:3
FNH:3
FNDA:9,(anonymous_0)
FNDA:11,(anonymous_1)
FNDA:11,(anonymous_2)
DA:5,11
DA:6,2
DA:8,9
DA:12,11
DA:13,11
DA:14,9
DA:16,2
LF:7
LH:7
BRDA:5,0,0,2
BRDA:5,0,1,9
BRF:2
BRH:2
end_of_record
TN:
SF:src/core/factories/makeTraveUsecases.ts
FN:9,makeTravelUseCases
FNF:1
FNH:1
FNDA:1,makeTravelUseCases
DA:10,1
DA:12,1
DA:13,1
DA:14,1
DA:15,1
DA:17,1
LF:6
LH:6
BRF:0
BRH:0
end_of_record
TN:
SF:src/core/factories/makeUserUsecases.ts
FN:9,makeUserUseCases
FNF:1
FNH:1
FNDA:9,makeUserUseCases
DA:10,9
DA:12,9
DA:13,9
DA:14,9
DA:16,9
DA:18,9
LF:6
LH:6
BRF:0
BRH:0
end_of_record
TN:
SF:src/core/infra/repositories/MockTravelRepository.ts
FN:7,(anonymous_0)
FN:11,(anonymous_1)
FN:12,(anonymous_2)
FN:15,(anonymous_3)
FN:19,(anonymous_4)
FN:20,(anonymous_5)
FN:23,(anonymous_6)
FN:24,(anonymous_7)
FN:30,(anonymous_8)
FN:31,(anonymous_9)
FNF:10
FNH:7
FNDA:5,(anonymous_0)
FNDA:9,(anonymous_1)
FNDA:5,(anonymous_2)
FNDA:0,(anonymous_3)
FNDA:0,(anonymous_4)
FNDA:0,(anonymous_5)
FNDA:3,(anonymous_6)
FNDA:2,(anonymous_7)
FNDA:1,(anonymous_8)
FNDA:1,(anonymous_9)
DA:5,10
DA:8,5
DA:12,9
DA:16,0
DA:20,0
DA:24,3
DA:25,3
DA:26,2
DA:31,1
LF:9
LH:7
BRDA:12,0,0,9
BRDA:12,0,1,4
BRDA:25,1,0,2
BRDA:25,1,1,1
BRF:4
BRH:4
end_of_record
TN:
SF:src/core/infra/repositories/MockUserRepository.ts
FN:8,(anonymous_0)
FN:10,(anonymous_1)
FN:17,(anonymous_2)
FN:21,(anonymous_3)
FN:22,(anonymous_4)
FN:25,(anonymous_5)
FN:26,(anonymous_6)
FN:29,(anonymous_7)
FNF:8
FNH:8
FNDA:14,(anonymous_0)
FNDA:18,(anonymous_1)
FNDA:7,(anonymous_2)
FNDA:14,(anonymous_3)
FNDA:6,(anonymous_4)
FNDA:3,(anonymous_5)
FNDA:2,(anonymous_6)
FNDA:8,(anonymous_7)
DA:6,14
DA:11,18
DA:12,5
DA:14,18
DA:18,7
DA:22,14
DA:26,3
DA:30,8
LF:8
LH:8
BRDA:11,0,0,5
BRDA:11,0,1,13
BRDA:22,1,0,14
BRDA:22,1,1,8
BRDA:26,2,0,3
BRDA:26,2,1,1
BRF:6
BRH:6
end_of_record
TN:
SF:src/screens/Login/index.tsx
FN:11,LoginScreen
FN:18,login
FN:61,(anonymous_2)
FNF:3
FNH:2
FNDA:5,LoginScreen
FNDA:1,login
FNDA:0,(anonymous_2)
DA:12,5
DA:13,5
DA:14,5
DA:15,5
DA:16,5
DA:19,1
DA:20,1
DA:21,1
DA:22,1
DA:24,0
DA:26,1
DA:30,5
DA:61,0
LF:13
LH:11
BRDA:32,0,0,5
BRDA:32,0,1,0
BRDA:60,1,0,5
BRDA:60,1,1,0
BRF:4
BRH:2
end_of_record
TN:
SF:src/screens/Login/styles.ts
FNF:0
FNH:0
DA:3,1
LF:1
LH:1
BRF:0
BRH:0
end_of_record
TN:
SF:src/screens/Register/index.tsx
FN:11,RegisterScreen
FN:19,handleRegister
FN:78,(anonymous_2)
FNF:3
FNH:2
FNDA:6,RegisterScreen
FNDA:1,handleRegister
FNDA:0,(anonymous_2)
DA:12,6
DA:13,6
DA:14,6
DA:15,6
DA:16,6
DA:17,6
DA:20,1
DA:21,1
DA:22,1
DA:23,1
DA:30,1
DA:31,1
DA:33,0
DA:35,1
DA:39,6
DA:78,0
LF:16
LH:14
BRDA:41,0,0,6
BRDA:41,0,1,0
BRF:2
BRH:1
end_of_record
TN:
SF:src/screens/Register/styles.ts
FNF:0
FNH:0
DA:3,1
LF:1
LH:1
BRF:0
BRH:0
end_of_record
TN:
SF:src/styles/colors.ts
FNF:0
FNH:0
DA:1,1
LF:1
LH:1
BRF:0
BRH:0
end_of_record
